mode: set
yapi.run/cli/internal/cli/commands/builder.go:28.52,34.52 1 1
yapi.run/cli/internal/cli/commands/builder.go:34.53,34.54 0 0
yapi.run/cli/internal/cli/commands/builder.go:37.2,37.21 1 1
yapi.run/cli/internal/cli/commands/builder.go:37.21,39.3 1 1
yapi.run/cli/internal/cli/commands/builder.go:41.2,41.25 1 1
yapi.run/cli/internal/cli/commands/builder.go:41.25,43.3 1 1
yapi.run/cli/internal/cli/commands/builder.go:45.2,45.34 1 1
yapi.run/cli/internal/cli/commands/builder.go:45.34,46.20 1 1
yapi.run/cli/internal/cli/commands/builder.go:47.15,49.27 2 1
yapi.run/cli/internal/cli/commands/builder.go:49.27,51.5 1 1
yapi.run/cli/internal/cli/commands/builder.go:52.4,52.28 1 1
yapi.run/cli/internal/cli/commands/builder.go:52.28,54.5 1 1
yapi.run/cli/internal/cli/commands/builder.go:54.10,56.5 1 1
yapi.run/cli/internal/cli/commands/builder.go:57.17,59.27 2 1
yapi.run/cli/internal/cli/commands/builder.go:59.27,61.5 1 1
yapi.run/cli/internal/cli/commands/builder.go:62.4,62.28 1 1
yapi.run/cli/internal/cli/commands/builder.go:62.28,64.5 1 1
yapi.run/cli/internal/cli/commands/builder.go:64.10,66.5 1 0
yapi.run/cli/internal/cli/commands/builder.go:67.14,69.27 2 1
yapi.run/cli/internal/cli/commands/builder.go:69.27,71.5 1 1
yapi.run/cli/internal/cli/commands/builder.go:72.4,72.28 1 1
yapi.run/cli/internal/cli/commands/builder.go:72.28,74.5 1 1
yapi.run/cli/internal/cli/commands/builder.go:74.10,76.5 1 0
yapi.run/cli/internal/cli/commands/builder.go:80.2,80.12 1 1
yapi.run/cli/internal/cli/commands/commands.go:35.64,36.16 1 1
yapi.run/cli/internal/cli/commands/commands.go:36.16,38.3 1 0
yapi.run/cli/internal/cli/commands/commands.go:40.2,45.58 1 1
yapi.run/cli/internal/cli/commands/commands.go:45.59,45.60 0 0
yapi.run/cli/internal/cli/commands/commands.go:48.2,48.55 1 1
yapi.run/cli/internal/cli/commands/commands.go:48.55,50.3 1 0
yapi.run/cli/internal/cli/commands/commands.go:52.2,57.35 4 1
yapi.run/cli/internal/cli/commands/commands.go:57.35,60.3 2 1
yapi.run/cli/internal/cli/commands/commands.go:62.2,62.16 1 1
yapi.run/cli/internal/cli/commands/commands.go:171.79,172.14 1 1
yapi.run/cli/internal/cli/commands/commands.go:172.14,174.3 1 0
yapi.run/cli/internal/cli/commands/commands.go:176.2,177.30 2 1
yapi.run/cli/internal/cli/commands/commands.go:177.30,178.25 1 1
yapi.run/cli/internal/cli/commands/commands.go:178.25,179.28 1 1
yapi.run/cli/internal/cli/commands/commands.go:179.28,181.10 2 1
yapi.run/cli/internal/cli/commands/commands.go:186.2,186.17 1 1
yapi.run/cli/internal/cli/commands/commands.go:187.13,188.15 1 1
yapi.run/cli/internal/cli/commands/commands.go:189.15,190.17 1 1
yapi.run/cli/internal/cli/commands/commands.go:191.17,192.19 1 1
yapi.run/cli/internal/cli/commands/commands.go:193.13,194.15 1 1
yapi.run/cli/internal/cli/commands/commands.go:195.17,196.19 1 1
yapi.run/cli/internal/cli/commands/commands.go:197.18,198.20 1 1
yapi.run/cli/internal/cli/commands/commands.go:199.15,200.17 1 1
yapi.run/cli/internal/cli/commands/commands.go:201.14,202.16 1 1
yapi.run/cli/internal/cli/commands/commands.go:203.14,204.16 1 1
yapi.run/cli/internal/cli/commands/commands.go:205.16,206.18 1 1
yapi.run/cli/internal/cli/commands/commands.go:207.15,208.17 1 1
yapi.run/cli/internal/cli/commands/commands.go:209.16,210.18 1 1
yapi.run/cli/internal/cli/commands/commands.go:211.10,212.13 1 0
yapi.run/cli/internal/config/loader.go:27.56,29.2 1 1
yapi.run/cli/internal/config/loader.go:32.111,35.59 2 1
yapi.run/cli/internal/config/loader.go:35.59,37.3 1 1
yapi.run/cli/internal/config/loader.go:40.2,40.18 1 1
yapi.run/cli/internal/config/loader.go:41.12,42.62 1 1
yapi.run/cli/internal/config/loader.go:43.10,46.17 2 1
yapi.run/cli/internal/config/loader.go:46.17,48.4 1 1
yapi.run/cli/internal/config/loader.go:49.3,49.18 1 1
yapi.run/cli/internal/config/loader.go:50.10,51.67 1 1
yapi.run/cli/internal/config/loader.go:55.104,57.50 2 1
yapi.run/cli/internal/config/loader.go:57.50,59.3 1 0
yapi.run/cli/internal/config/loader.go:62.2,62.21 1 1
yapi.run/cli/internal/config/loader.go:62.21,64.3 1 0
yapi.run/cli/internal/config/loader.go:67.2,67.23 1 1
yapi.run/cli/internal/config/loader.go:67.23,69.3 1 1
yapi.run/cli/internal/config/loader.go:73.2,79.21 4 1
yapi.run/cli/internal/config/loader.go:79.21,81.3 1 0
yapi.run/cli/internal/config/loader.go:81.8,83.3 1 1
yapi.run/cli/internal/config/loader.go:85.2,85.16 1 1
yapi.run/cli/internal/config/loader.go:85.16,87.3 1 0
yapi.run/cli/internal/config/loader.go:89.2,89.82 1 1
yapi.run/cli/internal/config/project.go:46.55,49.16 2 0
yapi.run/cli/internal/config/project.go:49.16,51.3 1 0
yapi.run/cli/internal/config/project.go:54.2,55.6 2 0
yapi.run/cli/internal/config/project.go:55.6,58.48 2 0
yapi.run/cli/internal/config/project.go:58.48,60.4 1 0
yapi.run/cli/internal/config/project.go:63.3,64.48 2 0
yapi.run/cli/internal/config/project.go:64.48,66.4 1 0
yapi.run/cli/internal/config/project.go:69.3,72.30 2 0
yapi.run/cli/internal/config/project.go:72.30,74.4 1 0
yapi.run/cli/internal/config/project.go:76.3,76.25 1 0
yapi.run/cli/internal/config/project.go:82.64,86.16 3 0
yapi.run/cli/internal/config/project.go:86.16,89.17 3 0
yapi.run/cli/internal/config/project.go:89.17,91.4 1 0
yapi.run/cli/internal/config/project.go:95.2,96.51 2 0
yapi.run/cli/internal/config/project.go:96.51,98.3 1 0
yapi.run/cli/internal/config/project.go:100.2,100.22 1 0
yapi.run/cli/internal/config/project.go:100.22,102.3 1 0
yapi.run/cli/internal/config/project.go:104.2,105.54 2 0
yapi.run/cli/internal/config/project.go:105.54,107.3 1 0
yapi.run/cli/internal/config/project.go:110.2,110.45 1 0
yapi.run/cli/internal/config/project.go:110.45,113.3 2 0
yapi.run/cli/internal/config/project.go:116.2,116.37 1 0
yapi.run/cli/internal/config/project.go:116.37,117.75 1 0
yapi.run/cli/internal/config/project.go:117.75,119.42 2 0
yapi.run/cli/internal/config/project.go:119.42,121.5 1 0
yapi.run/cli/internal/config/project.go:122.4,123.66 1 0
yapi.run/cli/internal/config/project.go:127.2,127.21 1 0
yapi.run/cli/internal/config/project.go:131.78,133.9 2 0
yapi.run/cli/internal/config/project.go:133.9,135.3 1 0
yapi.run/cli/internal/config/project.go:136.2,136.18 1 0
yapi.run/cli/internal/config/project.go:140.56,142.36 2 0
yapi.run/cli/internal/config/project.go:142.36,144.3 1 0
yapi.run/cli/internal/config/project.go:145.2,145.14 1 0
yapi.run/cli/internal/config/project.go:152.107,154.24 1 0
yapi.run/cli/internal/config/project.go:154.24,156.3 1 0
yapi.run/cli/internal/config/project.go:159.2,159.44 1 0
yapi.run/cli/internal/config/project.go:159.44,162.28 2 0
yapi.run/cli/internal/config/project.go:162.28,164.4 1 0
yapi.run/cli/internal/config/project.go:165.3,165.21 1 0
yapi.run/cli/internal/config/project.go:168.2,171.47 2 0
yapi.run/cli/internal/config/project.go:171.47,174.17 3 0
yapi.run/cli/internal/config/project.go:174.17,176.4 1 0
yapi.run/cli/internal/config/project.go:178.3,178.26 1 0
yapi.run/cli/internal/config/project.go:178.26,180.4 1 0
yapi.run/cli/internal/config/project.go:184.2,184.37 1 0
yapi.run/cli/internal/config/project.go:184.37,186.3 1 0
yapi.run/cli/internal/config/project.go:189.2,189.45 1 0
yapi.run/cli/internal/config/project.go:189.45,190.40 1 0
yapi.run/cli/internal/config/project.go:190.40,193.18 3 0
yapi.run/cli/internal/config/project.go:193.18,195.5 1 0
yapi.run/cli/internal/config/project.go:197.4,197.27 1 0
yapi.run/cli/internal/config/project.go:197.27,199.5 1 0
yapi.run/cli/internal/config/project.go:203.3,203.30 1 0
yapi.run/cli/internal/config/project.go:203.30,205.4 1 0
yapi.run/cli/internal/config/project.go:212.2,216.27 3 0
yapi.run/cli/internal/config/project.go:216.27,218.3 1 0
yapi.run/cli/internal/config/project.go:219.2,219.24 1 0
yapi.run/cli/internal/config/v1.go:55.51,57.23 2 0
yapi.run/cli/internal/config/v1.go:57.23,58.24 1 0
yapi.run/cli/internal/config/v1.go:58.24,60.4 1 0
yapi.run/cli/internal/config/v1.go:62.2,63.16 2 0
yapi.run/cli/internal/config/v1.go:116.51,140.19 20 1
yapi.run/cli/internal/config/v1.go:140.19,142.3 1 0
yapi.run/cli/internal/config/v1.go:143.2,143.20 1 1
yapi.run/cli/internal/config/v1.go:143.20,145.3 1 0
yapi.run/cli/internal/config/v1.go:146.2,146.25 1 1
yapi.run/cli/internal/config/v1.go:146.25,148.3 1 0
yapi.run/cli/internal/config/v1.go:149.2,149.27 1 1
yapi.run/cli/internal/config/v1.go:149.27,151.3 1 0
yapi.run/cli/internal/config/v1.go:152.2,152.27 1 1
yapi.run/cli/internal/config/v1.go:152.27,154.3 1 0
yapi.run/cli/internal/config/v1.go:157.2,162.22 4 1
yapi.run/cli/internal/config/v1.go:162.22,164.3 1 0
yapi.run/cli/internal/config/v1.go:166.2,167.27 2 1
yapi.run/cli/internal/config/v1.go:167.27,169.3 1 0
yapi.run/cli/internal/config/v1.go:171.2,171.10 1 1
yapi.run/cli/internal/config/v1.go:176.66,198.16 18 0
yapi.run/cli/internal/config/v1.go:198.16,200.3 1 0
yapi.run/cli/internal/config/v1.go:201.2,201.17 1 0
yapi.run/cli/internal/config/v1.go:201.17,203.3 1 0
yapi.run/cli/internal/config/v1.go:204.2,204.22 1 0
yapi.run/cli/internal/config/v1.go:204.22,206.3 1 0
yapi.run/cli/internal/config/v1.go:207.2,207.24 1 0
yapi.run/cli/internal/config/v1.go:207.24,209.3 1 0
yapi.run/cli/internal/config/v1.go:210.2,210.24 1 0
yapi.run/cli/internal/config/v1.go:210.24,212.3 1 0
yapi.run/cli/internal/config/v1.go:215.2,220.19 4 0
yapi.run/cli/internal/config/v1.go:220.19,222.3 1 0
yapi.run/cli/internal/config/v1.go:224.2,225.24 2 0
yapi.run/cli/internal/config/v1.go:225.24,227.3 1 0
yapi.run/cli/internal/config/v1.go:230.2,233.10 3 0
yapi.run/cli/internal/config/v1.go:251.79,254.45 2 1
yapi.run/cli/internal/config/v1.go:254.45,257.3 2 1
yapi.run/cli/internal/config/v1.go:260.2,261.44 2 1
yapi.run/cli/internal/config/v1.go:261.44,263.3 1 0
yapi.run/cli/internal/config/v1.go:265.2,267.12 3 1
yapi.run/cli/internal/config/v1.go:271.56,274.2 2 1
yapi.run/cli/internal/config/v1.go:277.90,280.2 2 0
yapi.run/cli/internal/config/v1.go:283.64,287.16 3 1
yapi.run/cli/internal/config/v1.go:287.16,289.3 1 0
yapi.run/cli/internal/config/v1.go:291.2,299.25 2 1
yapi.run/cli/internal/config/v1.go:299.25,300.25 1 1
yapi.run/cli/internal/config/v1.go:300.25,302.4 1 0
yapi.run/cli/internal/config/v1.go:303.3,303.46 1 1
yapi.run/cli/internal/config/v1.go:306.2,306.22 1 1
yapi.run/cli/internal/config/v1.go:306.22,308.3 1 1
yapi.run/cli/internal/config/v1.go:310.2,310.46 1 1
yapi.run/cli/internal/config/v1.go:310.46,312.3 1 0
yapi.run/cli/internal/config/v1.go:314.2,314.17 1 1
yapi.run/cli/internal/config/v1.go:318.36,320.2 1 1
yapi.run/cli/internal/config/v1.go:323.63,325.2 1 0
yapi.run/cli/internal/config/v1.go:328.34,329.20 1 1
yapi.run/cli/internal/config/v1.go:329.20,331.3 1 1
yapi.run/cli/internal/config/v1.go:332.2,332.51 1 1
yapi.run/cli/internal/config/v1.go:336.61,339.18 2 1
yapi.run/cli/internal/config/v1.go:339.18,341.3 1 1
yapi.run/cli/internal/config/v1.go:342.2,342.21 1 1
yapi.run/cli/internal/config/v1.go:342.21,344.3 1 0
yapi.run/cli/internal/config/v1.go:345.2,345.21 1 1
yapi.run/cli/internal/config/v1.go:345.21,347.3 1 0
yapi.run/cli/internal/config/v1.go:348.2,348.24 1 1
yapi.run/cli/internal/config/v1.go:348.24,350.3 1 0
yapi.run/cli/internal/config/v1.go:353.2,353.18 1 1
yapi.run/cli/internal/config/v1.go:353.18,354.26 1 1
yapi.run/cli/internal/config/v1.go:354.26,356.4 1 1
yapi.run/cli/internal/config/v1.go:357.3,357.48 1 1
yapi.run/cli/internal/config/v1.go:361.2,361.19 1 1
yapi.run/cli/internal/config/v1.go:361.19,363.17 2 0
yapi.run/cli/internal/config/v1.go:363.17,365.4 1 0
yapi.run/cli/internal/config/v1.go:366.3,366.26 1 0
yapi.run/cli/internal/config/v1.go:366.26,368.4 1 0
yapi.run/cli/internal/config/v1.go:369.3,369.45 1 0
yapi.run/cli/internal/config/v1.go:373.2,373.21 1 1
yapi.run/cli/internal/config/v1.go:373.21,375.26 1 0
yapi.run/cli/internal/config/v1.go:375.26,377.4 1 0
yapi.run/cli/internal/config/v1.go:380.3,380.61 1 0
yapi.run/cli/internal/config/v1.go:380.61,384.29 3 0
yapi.run/cli/internal/config/v1.go:384.29,385.51 1 0
yapi.run/cli/internal/config/v1.go:385.51,387.6 1 0
yapi.run/cli/internal/config/v1.go:390.4,390.41 1 0
yapi.run/cli/internal/config/v1.go:390.41,392.5 1 0
yapi.run/cli/internal/config/v1.go:395.4,396.28 2 0
yapi.run/cli/internal/config/v1.go:400.3,401.28 2 0
yapi.run/cli/internal/config/v1.go:401.28,403.4 1 0
yapi.run/cli/internal/config/v1.go:404.3,404.61 1 0
yapi.run/cli/internal/config/v1.go:407.2,407.21 1 1
yapi.run/cli/internal/config/v1.go:411.38,413.18 2 1
yapi.run/cli/internal/config/v1.go:413.18,415.3 1 0
yapi.run/cli/internal/config/v1.go:416.2,416.22 1 1
yapi.run/cli/internal/config/v1.go:416.22,418.29 2 0
yapi.run/cli/internal/config/v1.go:418.29,420.4 1 0
yapi.run/cli/internal/config/v1.go:421.3,421.31 1 0
yapi.run/cli/internal/config/v1.go:423.2,423.17 1 1
yapi.run/cli/internal/config/v1.go:427.62,431.19 3 1
yapi.run/cli/internal/config/v1.go:432.31,438.61 6 1
yapi.run/cli/internal/config/v1.go:439.30,444.73 5 1
yapi.run/cli/internal/config/v1.go:447.2,447.22 1 1
yapi.run/cli/internal/config/v1.go:447.22,449.3 1 0
yapi.run/cli/internal/config/v1.go:451.2,451.24 1 1
yapi.run/cli/internal/config/v1.go:451.24,453.3 1 0
yapi.run/cli/internal/config/v1.go:455.2,455.21 1 1
yapi.run/cli/internal/config/v1.go:455.21,457.3 1 0
yapi.run/cli/internal/config/v1.go:459.2,459.21 1 1
yapi.run/cli/internal/config/v1.go:459.21,461.25 2 1
yapi.run/cli/internal/config/v1.go:461.25,463.18 2 0
yapi.run/cli/internal/config/v1.go:463.18,465.5 1 0
yapi.run/cli/internal/config/v1.go:466.4,466.52 1 0
yapi.run/cli/internal/config/v1.go:470.2,470.12 1 1
yapi.run/cli/internal/executor/executor.go:28.45,30.2 1 0
yapi.run/cli/internal/executor/executor.go:34.67,37.19 2 0
yapi.run/cli/internal/executor/executor.go:38.31,39.31 1 0
yapi.run/cli/internal/executor/executor.go:40.34,41.34 1 0
yapi.run/cli/internal/executor/executor.go:42.31,43.21 1 0
yapi.run/cli/internal/executor/executor.go:44.30,45.20 1 0
yapi.run/cli/internal/executor/executor.go:46.10,47.65 1 0
yapi.run/cli/internal/executor/executor.go:50.2,50.28 1 0
yapi.run/cli/internal/executor/executor.go:54.51,55.82 1 0
yapi.run/cli/internal/executor/executor.go:55.82,58.17 3 0
yapi.run/cli/internal/executor/executor.go:58.17,60.4 1 0
yapi.run/cli/internal/executor/executor.go:61.3,62.19 2 0
yapi.run/cli/internal/executor/graphql.go:19.56,22.82 2 0
yapi.run/cli/internal/executor/graphql.go:22.82,27.70 2 0
yapi.run/cli/internal/executor/graphql.go:27.70,28.75 1 0
yapi.run/cli/internal/executor/graphql.go:28.75,30.5 1 0
yapi.run/cli/internal/executor/graphql.go:34.3,35.17 2 0
yapi.run/cli/internal/executor/graphql.go:35.17,37.4 1 0
yapi.run/cli/internal/executor/graphql.go:40.3,47.29 2 0
yapi.run/cli/internal/executor/graphql.go:47.29,49.4 1 0
yapi.run/cli/internal/executor/graphql.go:50.3,52.30 2 0
yapi.run/cli/internal/executor/grpc.go:23.88,35.115 9 0
yapi.run/cli/internal/executor/grpc.go:35.115,37.3 1 0
yapi.run/cli/internal/executor/grpc.go:40.2,41.16 2 0
yapi.run/cli/internal/executor/grpc.go:41.16,43.3 1 0
yapi.run/cli/internal/executor/grpc.go:44.2,44.15 1 0
yapi.run/cli/internal/executor/grpc.go:44.15,44.33 1 0
yapi.run/cli/internal/executor/grpc.go:47.2,48.21 2 0
yapi.run/cli/internal/executor/grpc.go:48.21,52.3 2 0
yapi.run/cli/internal/executor/grpc.go:55.2,60.21 4 0
yapi.run/cli/internal/executor/grpc.go:60.21,62.51 2 0
yapi.run/cli/internal/executor/grpc.go:62.51,64.4 1 0
yapi.run/cli/internal/executor/grpc.go:65.3,65.24 1 0
yapi.run/cli/internal/executor/grpc.go:69.2,69.45 1 0
yapi.run/cli/internal/executor/grpc.go:69.45,70.24 1 0
yapi.run/cli/internal/executor/grpc.go:70.24,72.4 1 0
yapi.run/cli/internal/executor/grpc.go:73.3,74.17 2 0
yapi.run/cli/internal/executor/grpc.go:74.17,76.4 1 0
yapi.run/cli/internal/executor/grpc.go:77.3,78.13 2 0
yapi.run/cli/internal/executor/grpc.go:82.2,87.107 4 0
yapi.run/cli/internal/executor/grpc.go:87.107,89.3 1 0
yapi.run/cli/internal/executor/grpc.go:91.2,95.8 1 0
yapi.run/cli/internal/executor/http.go:13.53,14.82 1 1
yapi.run/cli/internal/executor/http.go:14.82,16.72 1 1
yapi.run/cli/internal/executor/http.go:16.72,18.18 2 0
yapi.run/cli/internal/executor/http.go:18.18,20.5 1 0
yapi.run/cli/internal/executor/http.go:22.4,24.18 3 0
yapi.run/cli/internal/executor/http.go:27.3,28.17 2 1
yapi.run/cli/internal/executor/http.go:28.17,30.4 1 0
yapi.run/cli/internal/executor/http.go:33.3,33.33 1 1
yapi.run/cli/internal/executor/http.go:33.33,35.4 1 1
yapi.run/cli/internal/executor/http.go:37.3,38.17 2 1
yapi.run/cli/internal/executor/http.go:38.17,40.4 1 0
yapi.run/cli/internal/executor/http.go:43.3,44.32 2 1
yapi.run/cli/internal/executor/http.go:44.32,45.18 1 1
yapi.run/cli/internal/executor/http.go:45.18,47.5 1 1
yapi.run/cli/internal/executor/http.go:50.3,54.9 1 1
yapi.run/cli/internal/executor/tcp.go:19.87,29.36 7 1
yapi.run/cli/internal/executor/tcp.go:29.36,31.3 1 0
yapi.run/cli/internal/executor/tcp.go:34.2,36.16 3 1
yapi.run/cli/internal/executor/tcp.go:36.16,38.3 1 1
yapi.run/cli/internal/executor/tcp.go:38.8,38.28 1 0
yapi.run/cli/internal/executor/tcp.go:38.28,40.51 2 0
yapi.run/cli/internal/executor/tcp.go:40.51,42.4 1 0
yapi.run/cli/internal/executor/tcp.go:43.3,43.25 1 0
yapi.run/cli/internal/executor/tcp.go:47.2,47.18 1 1
yapi.run/cli/internal/executor/tcp.go:48.13,50.17 2 1
yapi.run/cli/internal/executor/tcp.go:50.17,52.4 1 0
yapi.run/cli/internal/executor/tcp.go:53.3,53.21 1 1
yapi.run/cli/internal/executor/tcp.go:54.16,56.17 2 1
yapi.run/cli/internal/executor/tcp.go:56.17,58.4 1 0
yapi.run/cli/internal/executor/tcp.go:59.3,59.21 1 1
yapi.run/cli/internal/executor/tcp.go:60.18,60.18 0 1
yapi.run/cli/internal/executor/tcp.go:62.10,63.67 1 0
yapi.run/cli/internal/executor/tcp.go:67.2,69.16 3 1
yapi.run/cli/internal/executor/tcp.go:69.16,71.3 1 0
yapi.run/cli/internal/executor/tcp.go:72.2,72.15 1 1
yapi.run/cli/internal/executor/tcp.go:72.15,72.35 1 1
yapi.run/cli/internal/executor/tcp.go:75.2,75.23 1 1
yapi.run/cli/internal/executor/tcp.go:75.23,77.17 2 1
yapi.run/cli/internal/executor/tcp.go:77.17,79.4 1 0
yapi.run/cli/internal/executor/tcp.go:80.3,80.21 1 1
yapi.run/cli/internal/executor/tcp.go:80.21,81.46 1 1
yapi.run/cli/internal/executor/tcp.go:81.46,83.5 1 1
yapi.run/cli/internal/executor/tcp.go:88.2,91.21 2 1
yapi.run/cli/internal/executor/tcp.go:91.21,93.3 1 1
yapi.run/cli/internal/executor/tcp.go:93.8,93.28 1 0
yapi.run/cli/internal/executor/tcp.go:93.28,95.3 1 0
yapi.run/cli/internal/executor/tcp.go:97.2,98.16 2 1
yapi.run/cli/internal/executor/tcp.go:98.16,100.62 1 0
yapi.run/cli/internal/executor/tcp.go:100.62,102.4 1 0
yapi.run/cli/internal/executor/tcp.go:105.2,108.8 1 1
yapi.run/cli/internal/filter/jq.go:16.63,18.2 1 1
yapi.run/cli/internal/filter/jq.go:22.97,24.22 2 1
yapi.run/cli/internal/filter/jq.go:24.22,26.3 1 1
yapi.run/cli/internal/filter/jq.go:29.2,30.16 2 1
yapi.run/cli/internal/filter/jq.go:30.16,32.3 1 1
yapi.run/cli/internal/filter/jq.go:35.2,35.22 1 1
yapi.run/cli/internal/filter/jq.go:35.22,37.31 2 1
yapi.run/cli/internal/filter/jq.go:37.31,39.4 1 1
yapi.run/cli/internal/filter/jq.go:40.3,41.17 2 1
yapi.run/cli/internal/filter/jq.go:41.17,43.4 1 0
yapi.run/cli/internal/filter/jq.go:46.3,47.17 2 1
yapi.run/cli/internal/filter/jq.go:47.17,49.4 1 0
yapi.run/cli/internal/filter/jq.go:52.3,53.33 2 1
yapi.run/cli/internal/filter/jq.go:53.33,55.4 1 1
yapi.run/cli/internal/filter/jq.go:58.3,59.30 2 1
yapi.run/cli/internal/filter/jq.go:63.2,64.16 2 1
yapi.run/cli/internal/filter/jq.go:64.16,66.3 1 1
yapi.run/cli/internal/filter/jq.go:69.2,70.29 2 1
yapi.run/cli/internal/filter/jq.go:74.53,76.6 2 1
yapi.run/cli/internal/filter/jq.go:76.6,78.10 2 1
yapi.run/cli/internal/filter/jq.go:78.10,79.9 1 1
yapi.run/cli/internal/filter/jq.go:81.3,81.37 1 1
yapi.run/cli/internal/filter/jq.go:81.37,83.4 1 0
yapi.run/cli/internal/filter/jq.go:86.3,87.17 2 1
yapi.run/cli/internal/filter/jq.go:87.17,89.4 1 0
yapi.run/cli/internal/filter/jq.go:90.3,90.36 1 1
yapi.run/cli/internal/filter/jq.go:93.2,93.41 1 1
yapi.run/cli/internal/filter/jq.go:98.58,103.42 4 1
yapi.run/cli/internal/filter/jq.go:103.42,105.3 1 1
yapi.run/cli/internal/filter/jq.go:107.2,107.34 1 1
yapi.run/cli/internal/filter/jq.go:112.32,113.25 1 1
yapi.run/cli/internal/filter/jq.go:114.19,116.59 1 1
yapi.run/cli/internal/filter/jq.go:116.59,118.19 1 1
yapi.run/cli/internal/filter/jq.go:118.19,120.5 1 1
yapi.run/cli/internal/filter/jq.go:121.4,121.12 1 1
yapi.run/cli/internal/filter/jq.go:124.3,125.11 2 0
yapi.run/cli/internal/filter/jq.go:126.22,127.25 1 1
yapi.run/cli/internal/filter/jq.go:127.25,129.4 1 1
yapi.run/cli/internal/filter/jq.go:130.3,130.13 1 1
yapi.run/cli/internal/filter/jq.go:131.13,132.25 1 1
yapi.run/cli/internal/filter/jq.go:132.25,134.4 1 1
yapi.run/cli/internal/filter/jq.go:135.3,135.13 1 1
yapi.run/cli/internal/filter/jq.go:136.10,137.13 1 1
yapi.run/cli/internal/filter/jq.go:153.86,155.2 1 1
yapi.run/cli/internal/filter/jq.go:158.67,160.31 2 1
yapi.run/cli/internal/filter/jq.go:160.31,161.48 1 1
yapi.run/cli/internal/filter/jq.go:161.48,163.43 2 1
yapi.run/cli/internal/filter/jq.go:163.43,164.106 1 1
yapi.run/cli/internal/filter/jq.go:164.106,166.6 1 0
yapi.run/cli/internal/filter/jq.go:167.5,167.48 1 1
yapi.run/cli/internal/filter/jq.go:167.48,169.6 1 0
yapi.run/cli/internal/filter/jq.go:171.4,171.18 1 1
yapi.run/cli/internal/filter/jq.go:171.18,176.10 5 1
yapi.run/cli/internal/filter/jq.go:183.94,184.20 1 1
yapi.run/cli/internal/filter/jq.go:184.20,186.3 1 1
yapi.run/cli/internal/filter/jq.go:187.2,188.16 2 1
yapi.run/cli/internal/filter/jq.go:188.16,190.3 1 0
yapi.run/cli/internal/filter/jq.go:192.2,193.21 2 1
yapi.run/cli/internal/filter/jq.go:193.21,195.17 2 1
yapi.run/cli/internal/filter/jq.go:195.17,197.4 1 0
yapi.run/cli/internal/filter/jq.go:198.3,198.51 1 1
yapi.run/cli/internal/filter/jq.go:199.8,201.3 1 1
yapi.run/cli/internal/filter/jq.go:203.2,203.40 1 1
yapi.run/cli/internal/filter/jq.go:203.40,204.42 1 1
yapi.run/cli/internal/filter/jq.go:204.42,206.4 1 1
yapi.run/cli/internal/filter/jq.go:208.2,208.11 1 0
yapi.run/cli/internal/filter/jq.go:212.124,214.30 2 1
yapi.run/cli/internal/filter/jq.go:214.30,216.3 1 1
yapi.run/cli/internal/filter/jq.go:217.2,218.16 2 1
yapi.run/cli/internal/filter/jq.go:218.16,220.3 1 0
yapi.run/cli/internal/filter/jq.go:222.2,223.32 2 1
yapi.run/cli/internal/filter/jq.go:223.32,225.3 1 1
yapi.run/cli/internal/filter/jq.go:227.2,227.68 1 1
yapi.run/cli/internal/filter/jq.go:232.119,236.16 3 1
yapi.run/cli/internal/filter/jq.go:236.16,238.3 1 1
yapi.run/cli/internal/filter/jq.go:240.2,243.16 3 1
yapi.run/cli/internal/filter/jq.go:243.16,245.3 1 1
yapi.run/cli/internal/filter/jq.go:247.2,248.16 2 1
yapi.run/cli/internal/filter/jq.go:248.16,250.3 1 1
yapi.run/cli/internal/filter/jq.go:252.2,256.22 4 1
yapi.run/cli/internal/filter/jq.go:256.22,258.17 2 1
yapi.run/cli/internal/filter/jq.go:258.17,260.4 1 0
yapi.run/cli/internal/filter/jq.go:261.3,261.85 1 1
yapi.run/cli/internal/filter/jq.go:262.8,265.3 2 1
yapi.run/cli/internal/filter/jq.go:267.2,268.9 2 1
yapi.run/cli/internal/filter/jq.go:268.9,270.3 1 0
yapi.run/cli/internal/filter/jq.go:271.2,271.36 1 1
yapi.run/cli/internal/filter/jq.go:271.36,273.3 1 0
yapi.run/cli/internal/filter/jq.go:275.2,275.29 1 1
yapi.run/cli/internal/filter/jq.go:275.29,277.3 1 1
yapi.run/cli/internal/filter/jq.go:278.2,278.98 1 1
yapi.run/cli/internal/filter/jq.go:282.32,283.14 1 1
yapi.run/cli/internal/filter/jq.go:283.14,285.3 1 1
yapi.run/cli/internal/filter/jq.go:287.2,287.25 1 1
yapi.run/cli/internal/filter/jq.go:288.14,289.32 1 1
yapi.run/cli/internal/filter/jq.go:290.12,291.32 1 1
yapi.run/cli/internal/filter/jq.go:292.27,293.32 1 1
yapi.run/cli/internal/filter/jq.go:294.16,295.22 1 0
yapi.run/cli/internal/filter/jq.go:296.10,299.17 2 1
yapi.run/cli/internal/filter/jq.go:299.17,301.4 1 0
yapi.run/cli/internal/filter/jq.go:302.3,302.19 1 1
yapi.run/cli/internal/filter/jq.go:308.42,309.14 1 1
yapi.run/cli/internal/filter/jq.go:309.14,311.3 1 1
yapi.run/cli/internal/filter/jq.go:313.2,313.25 1 1
yapi.run/cli/internal/filter/jq.go:314.14,316.18 1 1
yapi.run/cli/internal/filter/jq.go:317.12,318.37 1 1
yapi.run/cli/internal/filter/jq.go:319.11,320.37 1 1
yapi.run/cli/internal/filter/jq.go:321.13,322.37 1 0
yapi.run/cli/internal/filter/jq.go:323.15,325.37 1 0
yapi.run/cli/internal/filter/jq.go:326.16,327.27 1 1
yapi.run/cli/internal/filter/jq.go:328.10,331.17 2 1
yapi.run/cli/internal/filter/jq.go:331.17,333.4 1 0
yapi.run/cli/internal/filter/jq.go:334.3,334.24 1 1
yapi.run/cli/internal/cli/color/color.go:37.32,39.2 1 0
yapi.run/cli/internal/cli/color/color.go:42.36,43.13 1 0
yapi.run/cli/internal/cli/color/color.go:43.13,45.3 1 0
yapi.run/cli/internal/cli/color/color.go:46.2,46.30 1 0
yapi.run/cli/internal/cli/color/color.go:50.33,52.2 1 0
yapi.run/cli/internal/cli/color/color.go:55.32,57.2 1 0
yapi.run/cli/internal/cli/color/color.go:60.30,62.2 1 0
yapi.run/cli/internal/cli/color/color.go:65.33,67.2 1 0
yapi.run/cli/internal/cli/color/color.go:70.31,72.2 1 0
yapi.run/cli/internal/cli/color/color.go:75.30,77.2 1 0
yapi.run/cli/internal/cli/color/color.go:80.35,82.2 1 0
yapi.run/cli/cmd/yapi/main.go:47.13,48.22 1 0
yapi.run/cli/cmd/yapi/main.go:48.22,50.3 1 0
yapi.run/cli/cmd/yapi/main.go:51.2,52.9 2 0
yapi.run/cli/cmd/yapi/main.go:52.9,54.3 1 0
yapi.run/cli/cmd/yapi/main.go:55.2,55.63 1 0
yapi.run/cli/cmd/yapi/main.go:55.63,57.3 1 0
yapi.run/cli/cmd/yapi/main.go:58.2,58.34 1 0
yapi.run/cli/cmd/yapi/main.go:58.34,59.16 1 0
yapi.run/cli/cmd/yapi/main.go:60.23,61.25 1 0
yapi.run/cli/cmd/yapi/main.go:61.25,63.5 1 0
yapi.run/cli/cmd/yapi/main.go:64.19,65.18 1 0
yapi.run/cli/cmd/yapi/main.go:79.59,80.12 1 0
yapi.run/cli/cmd/yapi/main.go:80.12,82.3 1 0
yapi.run/cli/cmd/yapi/main.go:83.2,83.31 1 0
yapi.run/cli/cmd/yapi/main.go:88.76,90.2 1 0
yapi.run/cli/cmd/yapi/main.go:94.92,96.2 1 0
yapi.run/cli/cmd/yapi/main.go:98.114,99.19 1 0
yapi.run/cli/cmd/yapi/main.go:99.19,101.3 1 0
yapi.run/cli/cmd/yapi/main.go:103.2,105.26 3 0
yapi.run/cli/cmd/yapi/main.go:105.26,107.3 1 0
yapi.run/cli/cmd/yapi/main.go:107.8,109.3 1 0
yapi.run/cli/cmd/yapi/main.go:110.2,110.16 1 0
yapi.run/cli/cmd/yapi/main.go:110.16,112.3 1 0
yapi.run/cli/cmd/yapi/main.go:115.2,118.32 3 0
yapi.run/cli/cmd/yapi/main.go:121.13,126.44 3 0
yapi.run/cli/cmd/yapi/main.go:126.44,128.3 1 0
yapi.run/cli/cmd/yapi/main.go:130.2,156.69 6 0
yapi.run/cli/cmd/yapi/main.go:156.69,161.3 4 0
yapi.run/cli/cmd/yapi/main.go:162.2,162.70 1 0
yapi.run/cli/cmd/yapi/main.go:162.70,164.21 1 0
yapi.run/cli/cmd/yapi/main.go:165.61,166.10 1 0
yapi.run/cli/cmd/yapi/main.go:168.3,168.47 1 0
yapi.run/cli/cmd/yapi/main.go:172.2,174.42 2 0
yapi.run/cli/cmd/yapi/main.go:174.42,177.3 2 0
yapi.run/cli/cmd/yapi/main.go:180.82,182.16 2 0
yapi.run/cli/cmd/yapi/main.go:182.16,184.3 1 0
yapi.run/cli/cmd/yapi/main.go:185.2,185.33 1 0
yapi.run/cli/cmd/yapi/main.go:188.71,190.16 2 0
yapi.run/cli/cmd/yapi/main.go:190.16,192.3 1 0
yapi.run/cli/cmd/yapi/main.go:195.2,196.49 2 0
yapi.run/cli/cmd/yapi/main.go:199.73,205.16 5 0
yapi.run/cli/cmd/yapi/main.go:205.16,207.3 1 0
yapi.run/cli/cmd/yapi/main.go:209.2,211.15 2 0
yapi.run/cli/cmd/yapi/main.go:211.15,213.3 1 0
yapi.run/cli/cmd/yapi/main.go:214.2,214.43 1 0
yapi.run/cli/cmd/yapi/main.go:217.76,219.16 2 0
yapi.run/cli/cmd/yapi/main.go:219.16,221.3 1 0
yapi.run/cli/cmd/yapi/main.go:223.2,228.16 5 0
yapi.run/cli/cmd/yapi/main.go:228.16,230.3 1 0
yapi.run/cli/cmd/yapi/main.go:232.2,235.21 3 0
yapi.run/cli/cmd/yapi/main.go:235.21,237.17 2 0
yapi.run/cli/cmd/yapi/main.go:237.17,240.12 2 0
yapi.run/cli/cmd/yapi/main.go:242.3,242.28 1 0
yapi.run/cli/cmd/yapi/main.go:242.28,247.4 4 0
yapi.run/cli/cmd/yapi/main.go:249.2,249.12 1 0
yapi.run/cli/cmd/yapi/main.go:252.49,254.16 2 0
yapi.run/cli/cmd/yapi/main.go:254.16,256.3 1 0
yapi.run/cli/cmd/yapi/main.go:257.2,257.28 1 0
yapi.run/cli/cmd/yapi/main.go:260.20,262.2 1 0
yapi.run/cli/cmd/yapi/main.go:264.36,268.2 3 0
yapi.run/cli/cmd/yapi/main.go:279.97,280.19 1 0
yapi.run/cli/cmd/yapi/main.go:280.19,288.36 3 0
yapi.run/cli/cmd/yapi/main.go:288.36,289.13 1 0
yapi.run/cli/cmd/yapi/main.go:289.13,292.5 2 0
yapi.run/cli/cmd/yapi/main.go:294.9,297.4 2 0
yapi.run/cli/cmd/yapi/main.go:299.3,299.26 1 0
yapi.run/cli/cmd/yapi/main.go:301.2,301.22 1 0
yapi.run/cli/cmd/yapi/main.go:301.22,303.3 1 0
yapi.run/cli/cmd/yapi/main.go:308.59,317.16 3 0
yapi.run/cli/cmd/yapi/main.go:317.16,318.37 1 0
yapi.run/cli/cmd/yapi/main.go:318.37,320.4 1 0
yapi.run/cli/cmd/yapi/main.go:321.3,322.13 2 0
yapi.run/cli/cmd/yapi/main.go:326.2,326.20 1 0
yapi.run/cli/cmd/yapi/main.go:326.20,328.29 2 0
yapi.run/cli/cmd/yapi/main.go:328.29,331.4 2 0
yapi.run/cli/cmd/yapi/main.go:334.2,337.51 2 0
yapi.run/cli/cmd/yapi/main.go:337.51,338.37 1 0
yapi.run/cli/cmd/yapi/main.go:338.37,340.4 1 0
yapi.run/cli/cmd/yapi/main.go:341.3,342.13 2 0
yapi.run/cli/cmd/yapi/main.go:345.2,347.59 3 0
yapi.run/cli/cmd/yapi/main.go:347.59,348.37 1 0
yapi.run/cli/cmd/yapi/main.go:348.37,350.4 1 0
yapi.run/cli/cmd/yapi/main.go:351.3,351.13 1 0
yapi.run/cli/cmd/yapi/main.go:355.2,355.62 1 0
yapi.run/cli/cmd/yapi/main.go:355.62,359.25 2 0
yapi.run/cli/cmd/yapi/main.go:359.25,360.51 1 0
yapi.run/cli/cmd/yapi/main.go:360.51,363.48 3 0
yapi.run/cli/cmd/yapi/main.go:363.48,365.6 1 0
yapi.run/cli/cmd/yapi/main.go:366.5,366.43 1 0
yapi.run/cli/cmd/yapi/main.go:370.3,370.22 1 0
yapi.run/cli/cmd/yapi/main.go:370.22,371.38 1 0
yapi.run/cli/cmd/yapi/main.go:371.38,373.5 1 0
yapi.run/cli/cmd/yapi/main.go:374.4,375.14 2 0
yapi.run/cli/cmd/yapi/main.go:378.3,381.13 4 0
yapi.run/cli/cmd/yapi/main.go:384.2,384.62 1 0
yapi.run/cli/cmd/yapi/main.go:384.62,385.17 1 0
yapi.run/cli/cmd/yapi/main.go:385.17,387.4 1 0
yapi.run/cli/cmd/yapi/main.go:388.3,388.13 1 0
yapi.run/cli/cmd/yapi/main.go:391.2,393.25 2 0
yapi.run/cli/cmd/yapi/main.go:393.25,394.37 1 0
yapi.run/cli/cmd/yapi/main.go:394.37,396.4 1 0
yapi.run/cli/cmd/yapi/main.go:397.3,398.13 2 0
yapi.run/cli/cmd/yapi/main.go:401.2,403.12 3 0
yapi.run/cli/cmd/yapi/main.go:407.59,409.2 1 0
yapi.run/cli/cmd/yapi/main.go:412.82,414.2 1 0
yapi.run/cli/cmd/yapi/main.go:427.114,430.16 2 0
yapi.run/cli/cmd/yapi/main.go:430.16,432.3 1 0
yapi.run/cli/cmd/yapi/main.go:433.2,437.16 3 0
yapi.run/cli/cmd/yapi/main.go:437.16,439.25 1 0
yapi.run/cli/cmd/yapi/main.go:439.25,441.4 1 0
yapi.run/cli/cmd/yapi/main.go:442.3,442.18 1 0
yapi.run/cli/cmd/yapi/main.go:446.2,447.16 2 0
yapi.run/cli/cmd/yapi/main.go:447.16,449.3 1 0
yapi.run/cli/cmd/yapi/main.go:451.2,458.55 3 0
yapi.run/cli/cmd/yapi/main.go:458.55,460.3 1 0
yapi.run/cli/cmd/yapi/main.go:463.2,463.39 1 0
yapi.run/cli/cmd/yapi/main.go:463.39,465.21 2 0
yapi.run/cli/cmd/yapi/main.go:465.21,467.4 1 0
yapi.run/cli/cmd/yapi/main.go:468.3,469.19 2 0
yapi.run/cli/cmd/yapi/main.go:469.19,471.4 1 0
yapi.run/cli/cmd/yapi/main.go:473.3,473.21 1 0
yapi.run/cli/cmd/yapi/main.go:477.2,477.19 1 0
yapi.run/cli/cmd/yapi/main.go:477.19,479.50 1 0
yapi.run/cli/cmd/yapi/main.go:479.50,484.4 3 0
yapi.run/cli/cmd/yapi/main.go:487.3,488.17 2 0
yapi.run/cli/cmd/yapi/main.go:488.17,490.4 1 0
yapi.run/cli/cmd/yapi/main.go:492.3,493.27 2 0
yapi.run/cli/cmd/yapi/main.go:496.2,496.20 1 0
yapi.run/cli/cmd/yapi/main.go:499.52,502.2 2 0
yapi.run/cli/cmd/yapi/main.go:504.56,507.16 2 0
yapi.run/cli/cmd/yapi/main.go:507.16,514.3 2 0
yapi.run/cli/cmd/yapi/main.go:516.2,519.12 4 0
yapi.run/cli/cmd/yapi/main.go:522.54,525.2 2 0
yapi.run/cli/cmd/yapi/main.go:527.57,532.9 3 0
yapi.run/cli/cmd/yapi/main.go:532.9,534.3 1 0
yapi.run/cli/cmd/yapi/main.go:536.2,540.20 3 0
yapi.run/cli/cmd/yapi/main.go:540.20,542.74 2 0
yapi.run/cli/cmd/yapi/main.go:542.74,545.57 2 0
yapi.run/cli/cmd/yapi/main.go:545.57,547.5 1 0
yapi.run/cli/cmd/yapi/main.go:548.4,549.57 2 0
yapi.run/cli/cmd/yapi/main.go:549.57,551.5 1 0
yapi.run/cli/cmd/yapi/main.go:556.2,557.16 2 0
yapi.run/cli/cmd/yapi/main.go:557.16,558.17 1 0
yapi.run/cli/cmd/yapi/main.go:558.17,561.4 2 0
yapi.run/cli/cmd/yapi/main.go:562.3,562.13 1 0
yapi.run/cli/cmd/yapi/main.go:566.2,567.69 2 0
yapi.run/cli/cmd/yapi/main.go:567.69,569.3 1 0
yapi.run/cli/cmd/yapi/main.go:571.2,572.16 2 0
yapi.run/cli/cmd/yapi/main.go:572.16,573.17 1 0
yapi.run/cli/cmd/yapi/main.go:573.17,576.4 2 0
yapi.run/cli/cmd/yapi/main.go:577.3,577.54 1 0
yapi.run/cli/cmd/yapi/main.go:580.2,581.16 2 0
yapi.run/cli/cmd/yapi/main.go:581.16,582.17 1 0
yapi.run/cli/cmd/yapi/main.go:582.17,585.4 2 0
yapi.run/cli/cmd/yapi/main.go:586.3,586.50 1 0
yapi.run/cli/cmd/yapi/main.go:589.2,589.16 1 0
yapi.run/cli/cmd/yapi/main.go:589.16,592.3 2 0
yapi.run/cli/cmd/yapi/main.go:594.2,594.49 1 0
yapi.run/cli/cmd/yapi/main.go:597.68,602.16 3 0
yapi.run/cli/cmd/yapi/main.go:602.16,603.17 1 0
yapi.run/cli/cmd/yapi/main.go:603.17,615.4 2 0
yapi.run/cli/cmd/yapi/main.go:615.9,622.4 2 0
yapi.run/cli/cmd/yapi/main.go:623.3,623.13 1 0
yapi.run/cli/cmd/yapi/main.go:627.2,628.20 2 0
yapi.run/cli/cmd/yapi/main.go:628.20,630.3 1 0
yapi.run/cli/cmd/yapi/main.go:632.2,638.59 6 0
yapi.run/cli/cmd/yapi/main.go:638.59,640.3 1 0
yapi.run/cli/cmd/yapi/main.go:642.2,648.16 6 0
yapi.run/cli/cmd/yapi/main.go:648.16,652.3 3 0
yapi.run/cli/cmd/yapi/main.go:654.2,656.12 3 0
yapi.run/cli/cmd/yapi/main.go:659.37,671.2 2 0
yapi.run/cli/cmd/yapi/main.go:673.88,682.17 5 0
yapi.run/cli/cmd/yapi/main.go:682.17,684.3 1 0
yapi.run/cli/cmd/yapi/main.go:684.8,687.60 3 0
yapi.run/cli/cmd/yapi/main.go:687.60,689.4 1 0
yapi.run/cli/cmd/yapi/main.go:693.2,699.15 6 0
yapi.run/cli/cmd/yapi/main.go:699.15,704.3 3 0
yapi.run/cli/cmd/yapi/main.go:704.8,707.3 2 0
yapi.run/cli/cmd/yapi/main.go:709.2,709.26 1 0
yapi.run/cli/cmd/yapi/main.go:709.26,711.3 1 0
yapi.run/cli/cmd/yapi/main.go:712.2,712.12 1 0
yapi.run/cli/cmd/yapi/main.go:716.61,719.19 2 0
yapi.run/cli/cmd/yapi/main.go:719.19,721.3 1 0
yapi.run/cli/cmd/yapi/main.go:724.2,725.16 2 0
yapi.run/cli/cmd/yapi/main.go:725.16,727.3 1 0
yapi.run/cli/cmd/yapi/main.go:729.2,729.25 1 0
yapi.run/cli/cmd/yapi/main.go:729.25,730.17 1 0
yapi.run/cli/cmd/yapi/main.go:730.17,733.4 1 0
yapi.run/cli/cmd/yapi/main.go:733.9,735.4 1 0
yapi.run/cli/cmd/yapi/main.go:736.3,736.13 1 0
yapi.run/cli/cmd/yapi/main.go:739.2,739.17 1 0
yapi.run/cli/cmd/yapi/main.go:739.17,741.3 1 0
yapi.run/cli/cmd/yapi/main.go:744.2,754.37 4 0
yapi.run/cli/cmd/yapi/main.go:754.37,759.17 3 0
yapi.run/cli/cmd/yapi/main.go:759.17,765.12 2 0
yapi.run/cli/cmd/yapi/main.go:769.3,770.17 2 0
yapi.run/cli/cmd/yapi/main.go:770.17,776.12 2 0
yapi.run/cli/cmd/yapi/main.go:779.3,780.12 2 0
yapi.run/cli/cmd/yapi/main.go:780.12,782.4 1 0
yapi.run/cli/cmd/yapi/main.go:784.3,790.18 2 0
yapi.run/cli/cmd/yapi/main.go:790.18,791.13 1 0
yapi.run/cli/cmd/yapi/main.go:791.13,793.5 1 0
yapi.run/cli/cmd/yapi/main.go:793.10,795.5 1 0
yapi.run/cli/cmd/yapi/main.go:799.2,799.16 1 0
yapi.run/cli/cmd/yapi/main.go:799.16,809.29 3 0
yapi.run/cli/cmd/yapi/main.go:809.29,814.20 2 0
yapi.run/cli/cmd/yapi/main.go:814.20,816.5 1 0
yapi.run/cli/cmd/yapi/main.go:816.10,816.32 1 0
yapi.run/cli/cmd/yapi/main.go:816.32,818.5 1 0
yapi.run/cli/cmd/yapi/main.go:819.4,819.27 1 0
yapi.run/cli/cmd/yapi/main.go:822.3,822.56 1 0
yapi.run/cli/cmd/yapi/main.go:826.2,827.32 2 0
yapi.run/cli/cmd/yapi/main.go:827.32,830.3 2 0
yapi.run/cli/cmd/yapi/main.go:832.2,837.28 4 0
yapi.run/cli/cmd/yapi/main.go:837.28,838.15 1 0
yapi.run/cli/cmd/yapi/main.go:838.15,840.20 2 0
yapi.run/cli/cmd/yapi/main.go:840.20,842.5 1 0
yapi.run/cli/cmd/yapi/main.go:842.10,842.67 1 0
yapi.run/cli/cmd/yapi/main.go:842.67,843.46 1 0
yapi.run/cli/cmd/yapi/main.go:843.46,844.48 1 0
yapi.run/cli/cmd/yapi/main.go:844.48,846.7 1 0
yapi.run/cli/cmd/yapi/main.go:852.2,852.70 1 0
yapi.run/cli/cmd/yapi/main.go:855.54,857.16 2 0
yapi.run/cli/cmd/yapi/main.go:857.16,859.3 1 0
yapi.run/cli/cmd/yapi/main.go:861.2,862.16 2 0
yapi.run/cli/cmd/yapi/main.go:862.16,864.3 1 0
yapi.run/cli/cmd/yapi/main.go:866.2,870.24 3 0
yapi.run/cli/cmd/yapi/main.go:870.24,872.3 1 0
yapi.run/cli/cmd/yapi/main.go:873.2,877.16 4 0
yapi.run/cli/cmd/yapi/main.go:877.16,879.3 1 0
yapi.run/cli/cmd/yapi/main.go:881.2,894.15 9 0
yapi.run/cli/cmd/yapi/main.go:894.15,897.42 3 0
yapi.run/cli/cmd/yapi/main.go:897.42,898.46 1 0
yapi.run/cli/cmd/yapi/main.go:898.46,900.5 1 0
yapi.run/cli/cmd/yapi/main.go:902.3,902.26 1 0
yapi.run/cli/cmd/yapi/main.go:903.8,903.24 1 0
yapi.run/cli/cmd/yapi/main.go:903.24,905.3 1 0
yapi.run/cli/cmd/yapi/main.go:905.8,907.3 1 0
yapi.run/cli/cmd/yapi/main.go:908.2,919.73 10 0
yapi.run/cli/cmd/yapi/main.go:919.73,921.3 1 0
yapi.run/cli/cmd/yapi/main.go:922.2,922.12 1 0
yapi.run/cli/cmd/yapi/main.go:926.60,927.52 1 0
yapi.run/cli/cmd/yapi/main.go:927.52,929.3 1 0
yapi.run/cli/cmd/yapi/main.go:931.2,934.23 2 0
yapi.run/cli/cmd/yapi/main.go:934.23,935.23 1 0
yapi.run/cli/cmd/yapi/main.go:935.23,937.4 1 0
yapi.run/cli/cmd/yapi/main.go:937.9,939.4 1 0
yapi.run/cli/cmd/yapi/main.go:943.2,943.42 1 0
yapi.run/cli/cmd/yapi/main.go:943.42,944.16 1 0
yapi.run/cli/cmd/yapi/main.go:944.16,946.4 1 0
yapi.run/cli/cmd/yapi/main.go:946.9,948.4 1 0
yapi.run/cli/cmd/yapi/main.go:952.2,952.29 1 0
yapi.run/cli/cmd/yapi/main.go:952.29,954.22 2 0
yapi.run/cli/cmd/yapi/main.go:954.22,956.4 1 0
yapi.run/cli/cmd/yapi/main.go:956.9,958.4 1 0
yapi.run/cli/cmd/yapi/main.go:963.45,964.29 1 0
yapi.run/cli/cmd/yapi/main.go:964.29,966.3 1 0
yapi.run/cli/cmd/yapi/main.go:967.2,968.156 2 0
yapi.run/cli/cmd/yapi/main.go:971.32,973.14 2 0
yapi.run/cli/cmd/yapi/main.go:973.14,975.3 1 0
yapi.run/cli/cmd/yapi/main.go:976.2,977.42 2 0
yapi.run/cli/cmd/yapi/main.go:977.42,980.3 2 0
yapi.run/cli/cmd/yapi/main.go:981.2,981.72 1 0
yapi.run/cli/cmd/yapi/main.go:998.56,1002.20 3 0
yapi.run/cli/cmd/yapi/main.go:1002.20,1004.40 2 0
yapi.run/cli/cmd/yapi/main.go:1004.40,1006.4 1 0
yapi.run/cli/cmd/yapi/main.go:1009.2,1010.16 2 0
yapi.run/cli/cmd/yapi/main.go:1010.16,1011.25 1 0
yapi.run/cli/cmd/yapi/main.go:1011.25,1014.4 2 0
yapi.run/cli/cmd/yapi/main.go:1015.3,1015.55 1 0
yapi.run/cli/cmd/yapi/main.go:1018.2,1019.60 2 0
yapi.run/cli/cmd/yapi/main.go:1019.60,1022.3 2 0
yapi.run/cli/cmd/yapi/main.go:1024.2,1025.15 2 0
yapi.run/cli/cmd/yapi/main.go:1025.15,1027.3 1 0
yapi.run/cli/cmd/yapi/main.go:1029.2,1031.16 2 0
yapi.run/cli/cmd/yapi/main.go:1031.16,1033.32 2 0
yapi.run/cli/cmd/yapi/main.go:1033.32,1035.26 2 0
yapi.run/cli/cmd/yapi/main.go:1035.26,1037.5 1 0
yapi.run/cli/cmd/yapi/main.go:1037.10,1039.5 1 0
yapi.run/cli/cmd/yapi/main.go:1041.3,1042.13 2 0
yapi.run/cli/cmd/yapi/main.go:1046.2,1046.31 1 0
yapi.run/cli/cmd/yapi/main.go:1046.31,1048.62 2 0
yapi.run/cli/cmd/yapi/main.go:1048.62,1049.12 1 0
yapi.run/cli/cmd/yapi/main.go:1051.3,1055.26 3 0
yapi.run/cli/cmd/yapi/main.go:1055.26,1057.12 2 0
yapi.run/cli/cmd/yapi/main.go:1061.3,1061.40 1 0
yapi.run/cli/cmd/yapi/main.go:1061.40,1063.61 2 0
yapi.run/cli/cmd/yapi/main.go:1063.61,1067.34 4 0
yapi.run/cli/cmd/yapi/main.go:1067.34,1069.14 2 0
yapi.run/cli/cmd/yapi/main.go:1074.2,1074.12 1 0
yapi.run/cli/cmd/yapi/main.go:1078.35,1080.2 1 0
yapi.run/cli/cmd/yapi/main.go:1083.39,1085.2 1 0
yapi.run/cli/cmd/yapi/main.go:1087.51,1091.13 2 0
yapi.run/cli/cmd/yapi/main.go:1091.13,1093.3 1 0
yapi.run/cli/cmd/yapi/main.go:1094.2,1094.39 1 0
yapi.run/cli/cmd/yapi/main.go:1098.67,1102.40 2 0
yapi.run/cli/cmd/yapi/main.go:1102.40,1103.31 1 0
yapi.run/cli/cmd/yapi/main.go:1103.31,1105.4 1 0
yapi.run/cli/cmd/yapi/main.go:1105.9,1107.4 1 0
yapi.run/cli/cmd/yapi/main.go:1111.2,1111.27 1 0
yapi.run/cli/cmd/yapi/main.go:1111.27,1113.40 2 0
yapi.run/cli/cmd/yapi/main.go:1113.40,1115.4 1 0
yapi.run/cli/cmd/yapi/main.go:1115.9,1117.4 1 0
yapi.run/cli/cmd/yapi/main.go:1120.2,1120.33 1 0
yapi.run/cli/cmd/yapi/main.go:1123.35,1126.2 2 0
yapi.run/cli/cmd/yapi/main.go:1128.72,1134.18 5 0
yapi.run/cli/cmd/yapi/main.go:1134.18,1136.3 1 0
yapi.run/cli/cmd/yapi/main.go:1139.2,1140.19 2 0
yapi.run/cli/cmd/yapi/main.go:1140.19,1142.3 1 0
yapi.run/cli/cmd/yapi/main.go:1145.2,1146.16 2 0
yapi.run/cli/cmd/yapi/main.go:1146.16,1148.3 1 0
yapi.run/cli/cmd/yapi/main.go:1150.2,1150.25 1 0
yapi.run/cli/cmd/yapi/main.go:1150.25,1151.10 1 0
yapi.run/cli/cmd/yapi/main.go:1151.10,1153.4 1 0
yapi.run/cli/cmd/yapi/main.go:1153.9,1155.4 1 0
yapi.run/cli/cmd/yapi/main.go:1156.3,1156.13 1 0
yapi.run/cli/cmd/yapi/main.go:1159.2,1175.37 6 0
yapi.run/cli/cmd/yapi/main.go:1175.37,1177.37 2 0
yapi.run/cli/cmd/yapi/main.go:1177.37,1182.17 3 0
yapi.run/cli/cmd/yapi/main.go:1182.17,1182.32 1 0
yapi.run/cli/cmd/yapi/main.go:1184.4,1185.15 2 0
yapi.run/cli/cmd/yapi/main.go:1185.15,1187.5 1 0
yapi.run/cli/cmd/yapi/main.go:1190.4,1200.18 4 0
yapi.run/cli/cmd/yapi/main.go:1200.18,1201.17 1 0
yapi.run/cli/cmd/yapi/main.go:1201.17,1203.6 1 0
yapi.run/cli/cmd/yapi/main.go:1203.11,1205.6 1 0
yapi.run/cli/cmd/yapi/main.go:1206.10,1207.17 1 0
yapi.run/cli/cmd/yapi/main.go:1207.17,1209.6 1 0
yapi.run/cli/cmd/yapi/main.go:1209.11,1211.6 1 0
yapi.run/cli/cmd/yapi/main.go:1217.2,1217.12 1 0
yapi.run/cli/cmd/yapi/main.go:1217.12,1220.3 2 0
yapi.run/cli/cmd/yapi/main.go:1223.2,1225.30 3 0
yapi.run/cli/cmd/yapi/main.go:1225.30,1227.20 2 0
yapi.run/cli/cmd/yapi/main.go:1227.20,1229.4 1 0
yapi.run/cli/cmd/yapi/main.go:1233.2,1233.45 1 0
yapi.run/cli/cmd/yapi/main.go:1233.45,1235.3 1 0
yapi.run/cli/cmd/yapi/main.go:1237.2,1237.14 1 0
yapi.run/cli/cmd/yapi/main.go:1237.14,1239.3 1 0
yapi.run/cli/cmd/yapi/main.go:1242.2,1243.34 2 0
yapi.run/cli/cmd/yapi/main.go:1243.34,1246.3 2 0
yapi.run/cli/cmd/yapi/main.go:1248.2,1253.31 4 0
yapi.run/cli/cmd/yapi/main.go:1253.31,1254.16 1 0
yapi.run/cli/cmd/yapi/main.go:1254.16,1256.31 2 0
yapi.run/cli/cmd/yapi/main.go:1256.31,1258.5 1 0
yapi.run/cli/cmd/yapi/main.go:1262.2,1262.51 1 0
yapi.run/cli/cmd/yapi/main.go:1268.60,1271.81 2 0
yapi.run/cli/cmd/yapi/main.go:1271.81,1272.17 1 0
yapi.run/cli/cmd/yapi/main.go:1272.17,1274.4 1 0
yapi.run/cli/cmd/yapi/main.go:1275.3,1275.19 1 0
yapi.run/cli/cmd/yapi/main.go:1275.19,1277.4 1 0
yapi.run/cli/cmd/yapi/main.go:1278.3,1278.68 1 0
yapi.run/cli/cmd/yapi/main.go:1278.68,1281.11 2 0
yapi.run/cli/cmd/yapi/main.go:1281.11,1284.62 1 0
yapi.run/cli/cmd/yapi/main.go:1284.62,1286.6 1 0
yapi.run/cli/cmd/yapi/main.go:1287.10,1289.96 1 0
yapi.run/cli/cmd/yapi/main.go:1289.96,1291.6 1 0
yapi.run/cli/cmd/yapi/main.go:1294.3,1294.13 1 0
yapi.run/cli/cmd/yapi/main.go:1297.2,1297.23 1 0
yapi.run/cli/cmd/yapi/main.go:1300.53,1305.19 3 0
yapi.run/cli/cmd/yapi/main.go:1305.19,1307.3 1 0
yapi.run/cli/cmd/yapi/main.go:1311.2,1314.20 3 0
yapi.run/cli/cmd/yapi/main.go:1314.20,1317.17 2 0
yapi.run/cli/cmd/yapi/main.go:1317.17,1320.4 1 0
yapi.run/cli/cmd/yapi/main.go:1321.8,1324.3 1 0
yapi.run/cli/cmd/yapi/main.go:1326.2,1326.16 1 0
yapi.run/cli/cmd/yapi/main.go:1326.16,1328.3 1 0
yapi.run/cli/cmd/yapi/main.go:1330.2,1330.25 1 0
yapi.run/cli/cmd/yapi/main.go:1330.25,1331.18 1 0
yapi.run/cli/cmd/yapi/main.go:1331.18,1333.4 1 0
yapi.run/cli/cmd/yapi/main.go:1334.3,1334.13 1 0
yapi.run/cli/cmd/yapi/main.go:1338.2,1341.16 2 0
yapi.run/cli/cmd/yapi/main.go:1341.16,1346.34 3 0
yapi.run/cli/cmd/yapi/main.go:1346.34,1348.4 1 0
yapi.run/cli/cmd/yapi/main.go:1349.3,1350.30 2 0
yapi.run/cli/cmd/yapi/main.go:1351.8,1354.34 2 0
yapi.run/cli/cmd/yapi/main.go:1354.34,1356.4 1 0
yapi.run/cli/cmd/yapi/main.go:1359.2,1359.12 1 0
yapi.run/cli/cmd/yapi/main.go:1363.53,1366.81 2 0
yapi.run/cli/cmd/yapi/main.go:1366.81,1367.17 1 0
yapi.run/cli/cmd/yapi/main.go:1367.17,1369.4 1 0
yapi.run/cli/cmd/yapi/main.go:1370.3,1370.19 1 0
yapi.run/cli/cmd/yapi/main.go:1370.19,1372.4 1 0
yapi.run/cli/cmd/yapi/main.go:1373.3,1373.68 1 0
yapi.run/cli/cmd/yapi/main.go:1373.68,1377.61 2 0
yapi.run/cli/cmd/yapi/main.go:1377.61,1379.5 1 0
yapi.run/cli/cmd/yapi/main.go:1381.3,1381.13 1 0
yapi.run/cli/cmd/yapi/main.go:1384.2,1384.23 1 0
yapi.run/cli/cmd/yapi/main.go:1394.155,1397.16 2 0
yapi.run/cli/cmd/yapi/main.go:1397.16,1399.3 1 0
yapi.run/cli/cmd/yapi/main.go:1402.2,1403.16 2 0
yapi.run/cli/cmd/yapi/main.go:1403.16,1405.3 1 0
yapi.run/cli/cmd/yapi/main.go:1408.2,1409.72 2 0
yapi.run/cli/cmd/yapi/main.go:1409.72,1417.3 4 0
yapi.run/cli/cmd/yapi/main.go:1417.8,1419.3 1 0
yapi.run/cli/cmd/yapi/main.go:1420.2,1420.16 1 0
yapi.run/cli/cmd/yapi/main.go:1420.16,1422.3 1 0
yapi.run/cli/cmd/yapi/main.go:1425.2,1426.59 2 0
yapi.run/cli/cmd/yapi/main.go:1426.59,1428.3 1 0
yapi.run/cli/cmd/yapi/main.go:1428.8,1430.3 1 0
yapi.run/cli/cmd/yapi/main.go:1433.2,1438.17 6 0
yapi.run/cli/cmd/yapi/main.go:1438.17,1441.3 2 0
yapi.run/cli/cmd/yapi/main.go:1441.8,1443.3 1 0
yapi.run/cli/cmd/yapi/main.go:1444.2,1449.98 5 0
yapi.run/cli/cmd/yapi/main.go:1449.98,1452.3 2 0
yapi.run/cli/cmd/yapi/main.go:1453.2,1454.12 2 0
yapi.run/cli/cmd/yapi/main.go:1458.166,1459.26 1 0
yapi.run/cli/cmd/yapi/main.go:1459.26,1461.3 1 0
yapi.run/cli/cmd/yapi/main.go:1463.2,1468.31 5 0
yapi.run/cli/cmd/yapi/main.go:1468.31,1471.19 3 0
yapi.run/cli/cmd/yapi/main.go:1471.19,1473.4 1 0
yapi.run/cli/cmd/yapi/main.go:1473.9,1475.4 1 0
yapi.run/cli/cmd/yapi/main.go:1479.2,1479.44 1 0
yapi.run/cli/cmd/yapi/main.go:1479.44,1481.3 1 0
yapi.run/cli/cmd/yapi/main.go:1483.2,1500.17 12 0
yapi.run/cli/cmd/yapi/main.go:1500.17,1502.3 1 0
yapi.run/cli/cmd/yapi/main.go:1502.8,1505.20 3 0
yapi.run/cli/cmd/yapi/main.go:1505.20,1507.4 1 0
yapi.run/cli/cmd/yapi/main.go:1507.9,1509.4 1 0
yapi.run/cli/cmd/yapi/main.go:1511.2,1515.19 4 0
yapi.run/cli/cmd/yapi/main.go:1515.19,1517.3 1 0
yapi.run/cli/cmd/yapi/main.go:1517.8,1519.3 1 0
yapi.run/cli/cmd/yapi/main.go:1520.2,1536.19 16 0
yapi.run/cli/cmd/yapi/main.go:1536.19,1538.3 1 0
yapi.run/cli/cmd/yapi/main.go:1540.2,1540.12 1 0
yapi.run/cli/cmd/yapi/main.go:1543.74,1550.18 6 0
yapi.run/cli/cmd/yapi/main.go:1550.18,1552.3 1 0
yapi.run/cli/cmd/yapi/main.go:1555.2,1556.16 2 0
yapi.run/cli/cmd/yapi/main.go:1556.16,1558.3 1 0
yapi.run/cli/cmd/yapi/main.go:1561.2,1563.23 3 0
yapi.run/cli/cmd/yapi/main.go:1563.23,1566.17 3 0
yapi.run/cli/cmd/yapi/main.go:1566.17,1568.4 1 0
yapi.run/cli/cmd/yapi/main.go:1569.3,1569.21 1 0
yapi.run/cli/cmd/yapi/main.go:1570.8,1571.22 1 0
yapi.run/cli/cmd/yapi/main.go:1571.22,1573.4 1 0
yapi.run/cli/cmd/yapi/main.go:1577.2,1577.18 1 0
yapi.run/cli/cmd/yapi/main.go:1577.18,1578.123 1 0
yapi.run/cli/cmd/yapi/main.go:1578.123,1580.4 1 0
yapi.run/cli/cmd/yapi/main.go:1584.2,1586.17 3 0
yapi.run/cli/cmd/yapi/main.go:1586.17,1588.3 1 0
yapi.run/cli/cmd/yapi/main.go:1588.8,1590.3 1 0
yapi.run/cli/cmd/yapi/main.go:1591.2,1601.38 6 0
yapi.run/cli/cmd/yapi/main.go:1601.38,1603.7 2 0
yapi.run/cli/cmd/yapi/main.go:1603.7,1605.19 1 0
yapi.run/cli/cmd/yapi/main.go:1605.19,1606.42 1 0
yapi.run/cli/cmd/yapi/main.go:1606.42,1608.6 1 0
yapi.run/cli/cmd/yapi/main.go:1609.10,1610.62 1 0
yapi.run/cli/cmd/yapi/main.go:1610.62,1612.6 1 0
yapi.run/cli/cmd/yapi/main.go:1616.4,1620.64 4 0
yapi.run/cli/cmd/yapi/main.go:1625.2,1626.32 2 0
yapi.run/cli/cmd/yapi/main.go:1626.32,1629.3 2 0
yapi.run/cli/cmd/yapi/main.go:1632.2,1634.12 3 0
yapi.run/cli/cmd/yapi/main.go:1634.12,1635.31 1 0
yapi.run/cli/cmd/yapi/main.go:1635.31,1638.83 2 0
yapi.run/cli/cmd/yapi/main.go:1638.83,1643.5 3 0
yapi.run/cli/cmd/yapi/main.go:1645.3,1645.15 1 0
yapi.run/cli/cmd/yapi/main.go:1649.2,1657.110 6 0
yapi.run/cli/cmd/yapi/main.go:1661.34,1663.16 2 0
yapi.run/cli/cmd/yapi/main.go:1663.16,1665.3 1 0
yapi.run/cli/cmd/yapi/main.go:1666.2,1666.47 1 0
yapi.run/cli/cmd/yapi/main.go:1670.77,1674.28 3 0
yapi.run/cli/cmd/yapi/main.go:1674.28,1676.71 1 0
yapi.run/cli/cmd/yapi/main.go:1676.71,1677.22 1 0
yapi.run/cli/cmd/yapi/main.go:1677.22,1679.5 1 0
yapi.run/cli/cmd/yapi/main.go:1683.3,1683.33 1 0
yapi.run/cli/cmd/yapi/main.go:1683.33,1684.66 1 0
yapi.run/cli/cmd/yapi/main.go:1684.66,1685.23 1 0
yapi.run/cli/cmd/yapi/main.go:1685.23,1687.6 1 0
yapi.run/cli/cmd/yapi/main.go:1692.3,1692.31 1 0
yapi.run/cli/cmd/yapi/main.go:1692.31,1693.66 1 0
yapi.run/cli/cmd/yapi/main.go:1693.66,1694.23 1 0
yapi.run/cli/cmd/yapi/main.go:1694.23,1696.6 1 0
yapi.run/cli/cmd/yapi/main.go:1701.3,1701.30 1 0
yapi.run/cli/cmd/yapi/main.go:1701.30,1702.66 1 0
yapi.run/cli/cmd/yapi/main.go:1702.66,1703.23 1 0
yapi.run/cli/cmd/yapi/main.go:1703.23,1705.6 1 0
yapi.run/cli/cmd/yapi/main.go:1710.3,1710.21 1 0
yapi.run/cli/cmd/yapi/main.go:1710.21,1711.73 1 0
yapi.run/cli/cmd/yapi/main.go:1711.73,1712.23 1 0
yapi.run/cli/cmd/yapi/main.go:1712.23,1714.6 1 0
yapi.run/cli/cmd/yapi/main.go:1719.2,1719.13 1 0
yapi.run/cli/cmd/yapi/main.go:1730.124,1738.22 2 0
yapi.run/cli/cmd/yapi/main.go:1738.22,1739.42 1 0
yapi.run/cli/cmd/yapi/main.go:1739.42,1741.4 1 0
yapi.run/cli/cmd/yapi/main.go:1742.3,1742.42 1 0
yapi.run/cli/cmd/yapi/main.go:1742.42,1744.4 1 0
yapi.run/cli/cmd/yapi/main.go:1748.2,1748.32 1 0
yapi.run/cli/cmd/yapi/main.go:1748.32,1750.58 1 0
yapi.run/cli/cmd/yapi/main.go:1750.58,1751.12 1 0
yapi.run/cli/cmd/yapi/main.go:1753.3,1753.58 1 0
yapi.run/cli/cmd/yapi/main.go:1753.58,1754.12 1 0
yapi.run/cli/cmd/yapi/main.go:1758.3,1758.38 1 0
yapi.run/cli/cmd/yapi/main.go:1758.38,1760.4 1 0
yapi.run/cli/cmd/yapi/main.go:1760.9,1762.4 1 0
yapi.run/cli/cmd/yapi/main.go:1765.2,1765.19 1 0
yapi.run/cli/cmd/yapi/main.go:1769.94,1775.25 5 0
yapi.run/cli/cmd/yapi/main.go:1775.25,1777.3 1 0
yapi.run/cli/cmd/yapi/main.go:1778.2,1784.25 5 0
yapi.run/cli/cmd/yapi/main.go:1784.25,1788.29 3 0
yapi.run/cli/cmd/yapi/main.go:1788.29,1790.4 1 0
yapi.run/cli/cmd/yapi/main.go:1791.3,1792.26 2 0
yapi.run/cli/cmd/yapi/main.go:1792.26,1794.15 2 0
yapi.run/cli/cmd/yapi/main.go:1794.15,1796.5 1 0
yapi.run/cli/cmd/yapi/main.go:1796.10,1798.5 1 0
yapi.run/cli/cmd/yapi/main.go:1800.3,1800.38 1 0
yapi.run/cli/cmd/yapi/main.go:1804.2,1804.25 1 0
yapi.run/cli/cmd/yapi/main.go:1804.25,1807.3 2 0
yapi.run/cli/cmd/yapi/main.go:1809.2,1809.95 1 0
yapi.run/cli/cmd/yapi/main.go:1809.95,1811.3 1 0
yapi.run/cli/cmd/yapi/main.go:1813.2,1813.12 1 0
yapi.run/cli/cmd/yapi/main.go:1817.92,1818.51 1 0
yapi.run/cli/cmd/yapi/main.go:1818.51,1820.3 1 0
yapi.run/cli/cmd/yapi/main.go:1822.2,1828.25 6 0
yapi.run/cli/cmd/yapi/main.go:1828.25,1831.29 2 0
yapi.run/cli/cmd/yapi/main.go:1831.29,1833.4 1 0
yapi.run/cli/cmd/yapi/main.go:1834.3,1837.26 3 0
yapi.run/cli/cmd/yapi/main.go:1837.26,1839.15 2 0
yapi.run/cli/cmd/yapi/main.go:1839.15,1841.5 1 0
yapi.run/cli/cmd/yapi/main.go:1841.10,1843.5 1 0
yapi.run/cli/cmd/yapi/main.go:1845.3,1845.31 1 0
yapi.run/cli/cmd/yapi/main.go:1848.2,1848.26 1 0
yapi.run/cli/cmd/yapi/main.go:1848.26,1855.39 7 0
yapi.run/cli/cmd/yapi/main.go:1855.39,1857.4 1 0
yapi.run/cli/cmd/yapi/main.go:1860.2,1860.85 1 0
yapi.run/cli/cmd/yapi/main.go:1860.85,1862.3 1 0
yapi.run/cli/cmd/yapi/main.go:1864.2,1864.12 1 0
yapi.run/cli/cmd/yapi/main.go:1868.86,1870.34 2 0
yapi.run/cli/cmd/yapi/main.go:1870.34,1874.67 2 0
yapi.run/cli/cmd/yapi/main.go:1874.67,1876.4 1 0
yapi.run/cli/cmd/yapi/main.go:1879.3,1880.17 2 0
yapi.run/cli/cmd/yapi/main.go:1880.17,1882.4 1 0
yapi.run/cli/cmd/yapi/main.go:1885.3,1885.64 1 0
yapi.run/cli/cmd/yapi/main.go:1885.64,1887.4 1 0
yapi.run/cli/cmd/yapi/main.go:1889.3,1890.67 2 0
yapi.run/cli/cmd/yapi/main.go:1892.2,1892.23 1 0
yapi.run/cli/cmd/yapi/main.go:1896.42,1901.16 4 0
yapi.run/cli/cmd/yapi/main.go:1901.16,1903.3 1 0
yapi.run/cli/cmd/yapi/main.go:1904.2,1904.13 1 0
yapi.run/cli/cmd/yapi/main.go:1908.42,1910.116 1 0
yapi.run/cli/cmd/yapi/main.go:1910.116,1912.3 1 0
yapi.run/cli/cmd/yapi/main.go:1914.2,1914.91 1 0
yapi.run/cli/cmd/yapi/main.go:1914.91,1916.3 1 0
yapi.run/cli/cmd/yapi/main.go:1917.2,1917.14 1 0
yapi.run/cli/cmd/yapi/main.go:1921.55,1927.46 4 0
yapi.run/cli/cmd/yapi/main.go:1927.46,1929.3 1 0
yapi.run/cli/cmd/yapi/main.go:1931.2,1937.16 5 0
yapi.run/cli/cmd/yapi/main.go:1937.16,1939.3 1 0
yapi.run/cli/cmd/yapi/main.go:1941.2,1941.28 1 0
yapi.run/cli/cmd/yapi/main.go:1941.28,1944.3 2 0
yapi.run/cli/cmd/yapi/main.go:1947.2,1948.19 2 0
yapi.run/cli/cmd/yapi/main.go:1948.19,1949.45 1 0
yapi.run/cli/cmd/yapi/main.go:1949.45,1951.4 1 0
yapi.run/cli/cmd/yapi/main.go:1952.3,1953.17 2 0
yapi.run/cli/cmd/yapi/main.go:1953.17,1955.4 1 0
yapi.run/cli/cmd/yapi/main.go:1957.3,1962.40 3 0
yapi.run/cli/cmd/yapi/main.go:1962.40,1964.53 2 0
yapi.run/cli/cmd/yapi/main.go:1964.53,1966.5 1 0
yapi.run/cli/cmd/yapi/main.go:1968.3,1968.31 1 0
yapi.run/cli/cmd/yapi/main.go:1972.2,1972.50 1 0
yapi.run/cli/cmd/yapi/main.go:1972.50,1974.3 1 0
yapi.run/cli/cmd/yapi/main.go:1977.2,1979.46 3 0
yapi.run/cli/cmd/yapi/main.go:1979.46,1981.3 1 0
yapi.run/cli/cmd/yapi/main.go:1982.2,1985.103 2 0
yapi.run/cli/cmd/yapi/main.go:1985.103,1987.3 1 0
yapi.run/cli/cmd/yapi/main.go:1988.2,1990.92 2 0
yapi.run/cli/cmd/yapi/main.go:1990.92,1992.3 1 0
yapi.run/cli/cmd/yapi/main.go:1993.2,1993.71 1 0
yapi.run/cli/cmd/yapi/main.go:1993.71,1994.38 1 0
yapi.run/cli/cmd/yapi/main.go:1994.38,1997.4 1 0
yapi.run/cli/cmd/yapi/main.go:1997.9,1999.4 1 0
yapi.run/cli/cmd/yapi/main.go:2003.2,2004.16 2 0
yapi.run/cli/cmd/yapi/main.go:2004.16,2006.3 1 0
yapi.run/cli/cmd/yapi/main.go:2008.2,2012.12 4 0
yapi.run/cli/internal/compiler/compiler.go:25.77,30.16 3 0
yapi.run/cli/internal/compiler/compiler.go:30.16,33.3 2 0
yapi.run/cli/internal/compiler/compiler.go:36.2,47.29 4 0
yapi.run/cli/internal/compiler/compiler.go:47.29,49.3 1 0
yapi.run/cli/internal/compiler/compiler.go:50.2,50.33 1 0
yapi.run/cli/internal/compiler/compiler.go:50.33,52.40 2 0
yapi.run/cli/internal/compiler/compiler.go:52.40,54.4 1 0
yapi.run/cli/internal/compiler/compiler.go:55.3,55.37 1 0
yapi.run/cli/internal/compiler/compiler.go:55.37,57.4 1 0
yapi.run/cli/internal/compiler/compiler.go:57.9,59.4 1 0
yapi.run/cli/internal/compiler/compiler.go:61.2,64.87 2 0
yapi.run/cli/internal/compiler/compiler.go:64.87,66.3 1 0
yapi.run/cli/internal/compiler/compiler.go:68.2,68.29 1 0
yapi.run/cli/internal/compiler/compiler.go:68.29,72.3 3 0
yapi.run/cli/internal/compiler/compiler.go:72.8,72.37 1 0
yapi.run/cli/internal/compiler/compiler.go:72.37,74.17 2 0
yapi.run/cli/internal/compiler/compiler.go:74.17,76.4 1 0
yapi.run/cli/internal/compiler/compiler.go:76.9,79.4 2 0
yapi.run/cli/internal/compiler/compiler.go:83.2,83.36 1 0
yapi.run/cli/internal/compiler/compiler.go:83.36,85.3 1 0
yapi.run/cli/internal/compiler/compiler.go:88.2,91.19 3 0
yapi.run/cli/internal/compiler/compiler.go:92.31,93.33 1 0
yapi.run/cli/internal/compiler/compiler.go:93.33,95.4 1 0
yapi.run/cli/internal/compiler/compiler.go:96.3,96.29 1 0
yapi.run/cli/internal/compiler/compiler.go:96.29,98.4 1 0
yapi.run/cli/internal/compiler/compiler.go:99.3,104.72 6 0
yapi.run/cli/internal/compiler/compiler.go:106.30,107.77 1 0
yapi.run/cli/internal/compiler/compiler.go:107.77,109.4 1 0
yapi.run/cli/internal/compiler/compiler.go:110.3,114.84 5 0
yapi.run/cli/internal/compiler/compiler.go:118.2,118.33 1 0
yapi.run/cli/internal/compiler/compiler.go:118.33,120.3 1 0
yapi.run/cli/internal/compiler/compiler.go:123.2,123.32 1 0
yapi.run/cli/internal/compiler/compiler.go:123.32,125.36 2 0
yapi.run/cli/internal/compiler/compiler.go:125.36,127.18 2 0
yapi.run/cli/internal/compiler/compiler.go:127.18,129.5 1 0
yapi.run/cli/internal/compiler/compiler.go:129.10,131.5 1 0
yapi.run/cli/internal/compiler/compiler.go:135.2,136.12 2 0
yapi.run/cli/internal/compiler/compiler.go:140.92,144.73 3 0
yapi.run/cli/internal/compiler/compiler.go:144.73,146.3 1 0
yapi.run/cli/internal/compiler/compiler.go:147.2,147.75 1 0
yapi.run/cli/internal/compiler/compiler.go:147.75,149.3 1 0
yapi.run/cli/internal/compiler/compiler.go:150.2,150.75 1 0
yapi.run/cli/internal/compiler/compiler.go:150.75,152.3 1 0
yapi.run/cli/internal/compiler/compiler.go:153.2,153.75 1 0
yapi.run/cli/internal/compiler/compiler.go:153.75,155.3 1 0
yapi.run/cli/internal/compiler/compiler.go:158.2,158.77 1 0
yapi.run/cli/internal/compiler/compiler.go:158.77,160.3 1 0
yapi.run/cli/internal/compiler/compiler.go:161.2,161.73 1 0
yapi.run/cli/internal/compiler/compiler.go:161.73,163.3 1 0
yapi.run/cli/internal/compiler/compiler.go:166.2,166.23 1 0
yapi.run/cli/internal/compiler/compiler.go:166.23,168.17 2 0
yapi.run/cli/internal/compiler/compiler.go:168.17,170.4 1 0
yapi.run/cli/internal/compiler/compiler.go:172.2,172.28 1 0
yapi.run/cli/internal/compiler/compiler.go:172.28,174.17 2 0
yapi.run/cli/internal/compiler/compiler.go:174.17,176.4 1 0
yapi.run/cli/internal/compiler/compiler.go:179.2,179.20 1 0
yapi.run/cli/internal/compiler/compiler.go:183.92,184.14 1 0
yapi.run/cli/internal/compiler/compiler.go:184.14,186.3 1 0
yapi.run/cli/internal/compiler/compiler.go:187.2,188.22 2 0
yapi.run/cli/internal/compiler/compiler.go:188.22,190.17 2 0
yapi.run/cli/internal/compiler/compiler.go:190.17,192.4 1 0
yapi.run/cli/internal/compiler/compiler.go:193.3,193.20 1 0
yapi.run/cli/internal/compiler/compiler.go:195.2,195.17 1 0
yapi.run/cli/internal/compiler/compiler.go:199.81,200.14 1 0
yapi.run/cli/internal/compiler/compiler.go:200.14,202.3 1 0
yapi.run/cli/internal/compiler/compiler.go:203.2,204.23 2 0
yapi.run/cli/internal/compiler/compiler.go:204.23,206.17 2 0
yapi.run/cli/internal/compiler/compiler.go:206.17,208.4 1 0
yapi.run/cli/internal/compiler/compiler.go:209.3,209.15 1 0
yapi.run/cli/internal/compiler/compiler.go:211.2,211.17 1 0
yapi.run/cli/internal/compiler/compiler.go:215.60,216.25 1 0
yapi.run/cli/internal/compiler/compiler.go:217.14,218.42 1 0
yapi.run/cli/internal/compiler/compiler.go:219.22,220.33 1 0
yapi.run/cli/internal/compiler/compiler.go:221.13,223.26 2 0
yapi.run/cli/internal/compiler/compiler.go:223.26,225.18 2 0
yapi.run/cli/internal/compiler/compiler.go:225.18,227.5 1 0
yapi.run/cli/internal/compiler/compiler.go:228.4,228.16 1 0
yapi.run/cli/internal/compiler/compiler.go:230.3,230.18 1 0
yapi.run/cli/internal/compiler/compiler.go:231.10,232.18 1 0
yapi.run/cli/internal/compiler/compiler.go:236.37,238.2 1 0
yapi.run/cli/internal/observability/client.go:13.48,14.30 1 0
yapi.run/cli/internal/observability/client.go:14.30,16.3 1 0
yapi.run/cli/internal/observability/client.go:20.14,21.30 1 0
yapi.run/cli/internal/observability/client.go:21.30,23.3 1 0
yapi.run/cli/internal/observability/client.go:27.30,29.2 1 0
yapi.run/cli/internal/observability/file_logger.go:23.83,24.62 1 1
yapi.run/cli/internal/observability/file_logger.go:24.62,26.3 1 0
yapi.run/cli/internal/observability/file_logger.go:27.2,28.16 2 1
yapi.run/cli/internal/observability/file_logger.go:28.16,30.3 1 0
yapi.run/cli/internal/observability/file_logger.go:31.2,35.8 1 1
yapi.run/cli/internal/observability/file_logger.go:39.70,46.26 4 1
yapi.run/cli/internal/observability/file_logger.go:46.26,48.3 1 1
yapi.run/cli/internal/observability/file_logger.go:49.2,49.36 1 1
yapi.run/cli/internal/observability/file_logger.go:53.42,57.24 3 1
yapi.run/cli/internal/observability/file_logger.go:57.24,59.3 1 1
yapi.run/cli/internal/observability/file_logger.go:62.2,71.30 2 1
yapi.run/cli/internal/observability/file_logger.go:71.30,72.24 1 1
yapi.run/cli/internal/observability/file_logger.go:72.24,73.20 1 1
yapi.run/cli/internal/observability/file_logger.go:73.20,75.5 1 1
yapi.run/cli/internal/observability/file_logger.go:80.2,81.30 2 1
yapi.run/cli/internal/observability/file_logger.go:81.30,82.43 1 1
yapi.run/cli/internal/observability/file_logger.go:82.43,84.4 1 1
yapi.run/cli/internal/observability/file_logger.go:86.2,89.16 3 1
yapi.run/cli/internal/observability/file_logger.go:89.16,91.3 1 0
yapi.run/cli/internal/observability/file_logger.go:93.2,94.23 2 1
yapi.run/cli/internal/observability/observability.go:20.35,21.90 1 0
yapi.run/cli/internal/observability/observability.go:21.90,23.3 1 0
yapi.run/cli/internal/cli/middleware/observability.go:14.48,16.35 1 0
yapi.run/cli/internal/cli/middleware/observability.go:16.35,18.3 1 0
yapi.run/cli/internal/cli/middleware/observability.go:21.2,21.62 1 0
yapi.run/cli/internal/cli/middleware/observability.go:21.62,23.3 1 0
yapi.run/cli/internal/cli/middleware/observability.go:26.2,27.43 2 0
yapi.run/cli/internal/cli/middleware/observability.go:27.43,29.62 2 0
yapi.run/cli/internal/cli/middleware/observability.go:29.62,32.4 2 0
yapi.run/cli/internal/cli/middleware/observability.go:36.2,36.25 1 0
yapi.run/cli/internal/cli/middleware/observability.go:36.25,38.3 1 0
yapi.run/cli/internal/cli/middleware/observability.go:41.2,44.57 2 0
yapi.run/cli/internal/cli/middleware/observability.go:44.57,52.41 3 0
yapi.run/cli/internal/cli/middleware/observability.go:52.41,54.4 1 0
yapi.run/cli/internal/cli/middleware/observability.go:57.3,65.17 5 0
yapi.run/cli/internal/cli/middleware/observability.go:65.17,68.4 1 0
yapi.run/cli/internal/cli/middleware/observability.go:69.3,71.13 2 0
yapi.run/cli/internal/output/highlight.go:20.69,26.13 3 1
yapi.run/cli/internal/output/highlight.go:26.13,28.3 1 1
yapi.run/cli/internal/output/highlight.go:30.2,30.19 1 1
yapi.run/cli/internal/output/highlight.go:30.19,32.3 1 1
yapi.run/cli/internal/output/highlight.go:34.2,34.45 1 0
yapi.run/cli/internal/output/highlight.go:38.24,40.16 2 1
yapi.run/cli/internal/output/highlight.go:40.16,42.3 1 0
yapi.run/cli/internal/output/highlight.go:43.2,43.45 1 1
yapi.run/cli/internal/output/highlight.go:47.60,49.55 1 1
yapi.run/cli/internal/output/highlight.go:49.55,51.3 1 1
yapi.run/cli/internal/output/highlight.go:52.2,52.48 1 1
yapi.run/cli/internal/output/highlight.go:52.48,54.3 1 1
yapi.run/cli/internal/output/highlight.go:57.2,58.72 2 1
yapi.run/cli/internal/output/highlight.go:58.72,60.3 1 1
yapi.run/cli/internal/output/highlight.go:61.2,61.123 1 1
yapi.run/cli/internal/output/highlight.go:61.123,63.3 1 1
yapi.run/cli/internal/output/highlight.go:66.2,66.15 1 1
yapi.run/cli/internal/output/highlight.go:70.58,72.18 2 1
yapi.run/cli/internal/output/highlight.go:72.18,74.3 1 1
yapi.run/cli/internal/output/highlight.go:75.2,78.18 3 1
yapi.run/cli/internal/output/highlight.go:78.18,80.3 1 0
yapi.run/cli/internal/output/highlight.go:82.2,83.22 2 1
yapi.run/cli/internal/output/highlight.go:83.22,85.3 1 0
yapi.run/cli/internal/output/highlight.go:87.2,88.16 2 1
yapi.run/cli/internal/output/highlight.go:88.16,90.3 1 0
yapi.run/cli/internal/output/highlight.go:92.2,94.16 3 1
yapi.run/cli/internal/output/highlight.go:94.16,96.3 1 0
yapi.run/cli/internal/output/highlight.go:98.2,98.21 1 1
yapi.run/cli/internal/output/highlight.go:102.50,103.14 1 1
yapi.run/cli/internal/output/highlight.go:104.14,105.30 1 1
yapi.run/cli/internal/output/highlight.go:106.14,107.30 1 1
yapi.run/cli/internal/output/highlight.go:108.10,109.13 1 0
yapi.run/cli/internal/output/highlight.go:115.41,119.6 3 1
yapi.run/cli/internal/output/highlight.go:119.6,121.40 2 1
yapi.run/cli/internal/output/highlight.go:121.40,122.9 1 1
yapi.run/cli/internal/output/highlight.go:125.3,126.44 2 1
yapi.run/cli/internal/output/highlight.go:129.2,129.22 1 1
yapi.run/cli/internal/output/highlight.go:129.22,131.3 1 1
yapi.run/cli/internal/output/highlight.go:134.2,134.12 1 1
yapi.run/cli/internal/output/highlight.go:138.41,140.16 2 1
yapi.run/cli/internal/output/highlight.go:140.16,142.3 1 0
yapi.run/cli/internal/output/highlight.go:144.2,145.64 2 1
yapi.run/cli/internal/output/highlight.go:145.64,147.3 1 0
yapi.run/cli/internal/output/highlight.go:149.2,149.21 1 1
yapi.run/cli/internal/runner/context.go:28.68,33.2 1 1
yapi.run/cli/internal/runner/context.go:36.63,44.35 2 1
yapi.run/cli/internal/runner/context.go:44.35,46.3 1 1
yapi.run/cli/internal/runner/context.go:48.2,50.67 2 1
yapi.run/cli/internal/runner/context.go:50.67,52.3 1 1
yapi.run/cli/internal/runner/context.go:53.2,53.22 1 1
yapi.run/cli/internal/runner/context.go:57.70,60.81 2 1
yapi.run/cli/internal/runner/context.go:60.81,62.37 2 1
yapi.run/cli/internal/runner/context.go:62.37,65.4 1 1
yapi.run/cli/internal/runner/context.go:65.9,68.4 1 1
yapi.run/cli/internal/runner/context.go:71.3,71.39 1 1
yapi.run/cli/internal/runner/context.go:71.39,73.4 1 1
yapi.run/cli/internal/runner/context.go:76.3,76.28 1 1
yapi.run/cli/internal/runner/context.go:76.28,77.42 1 0
yapi.run/cli/internal/runner/context.go:77.42,79.5 1 0
yapi.run/cli/internal/runner/context.go:83.3,83.33 1 1
yapi.run/cli/internal/runner/context.go:83.33,85.18 2 1
yapi.run/cli/internal/runner/context.go:85.18,86.27 1 1
yapi.run/cli/internal/runner/context.go:86.27,88.6 1 1
yapi.run/cli/internal/runner/context.go:89.5,89.17 1 1
yapi.run/cli/internal/runner/context.go:91.4,91.14 1 1
yapi.run/cli/internal/runner/context.go:95.3,95.15 1 1
yapi.run/cli/internal/runner/context.go:98.2,98.24 1 1
yapi.run/cli/internal/runner/context.go:98.24,100.3 1 1
yapi.run/cli/internal/runner/context.go:101.2,101.20 1 1
yapi.run/cli/internal/runner/context.go:104.68,106.20 2 1
yapi.run/cli/internal/runner/context.go:106.20,108.3 1 0
yapi.run/cli/internal/runner/context.go:110.2,114.9 4 1
yapi.run/cli/internal/runner/context.go:114.9,116.3 1 1
yapi.run/cli/internal/runner/context.go:119.2,119.20 1 1
yapi.run/cli/internal/runner/context.go:119.20,120.18 1 1
yapi.run/cli/internal/runner/context.go:121.15,122.27 1 1
yapi.run/cli/internal/runner/context.go:123.17,124.44 1 1
yapi.run/cli/internal/runner/context.go:129.2,129.26 1 1
yapi.run/cli/internal/runner/context.go:129.26,130.20 1 1
yapi.run/cli/internal/runner/context.go:130.20,132.4 1 0
yapi.run/cli/internal/runner/context.go:133.3,135.39 2 1
yapi.run/cli/internal/runner/context.go:135.39,137.4 1 1
yapi.run/cli/internal/runner/context.go:139.3,139.33 1 0
yapi.run/cli/internal/runner/context.go:139.33,140.36 1 0
yapi.run/cli/internal/runner/context.go:140.36,142.5 1 0
yapi.run/cli/internal/runner/context.go:145.3,145.26 1 0
yapi.run/cli/internal/runner/context.go:145.26,147.18 2 0
yapi.run/cli/internal/runner/context.go:147.18,149.5 1 0
yapi.run/cli/internal/runner/context.go:151.3,151.80 1 0
yapi.run/cli/internal/runner/context.go:155.2,155.25 1 1
yapi.run/cli/internal/runner/context.go:155.25,157.3 1 0
yapi.run/cli/internal/runner/context.go:159.2,159.43 1 1
yapi.run/cli/internal/runner/context.go:162.62,164.27 2 1
yapi.run/cli/internal/runner/context.go:164.27,165.30 1 1
yapi.run/cli/internal/runner/context.go:166.23,168.11 2 1
yapi.run/cli/internal/runner/context.go:168.11,170.5 1 1
yapi.run/cli/internal/runner/context.go:171.4,171.17 1 1
yapi.run/cli/internal/runner/context.go:172.11,173.92 1 0
yapi.run/cli/internal/runner/context.go:177.2,177.29 1 1
yapi.run/cli/internal/runner/context.go:178.14,179.16 1 1
yapi.run/cli/internal/runner/context.go:180.15,182.27 1 1
yapi.run/cli/internal/runner/context.go:182.27,184.4 1 1
yapi.run/cli/internal/runner/context.go:185.3,185.35 1 0
yapi.run/cli/internal/runner/context.go:186.12,187.36 1 1
yapi.run/cli/internal/runner/context.go:188.11,189.21 1 0
yapi.run/cli/internal/runner/context.go:190.10,193.17 2 0
yapi.run/cli/internal/runner/context.go:193.17,195.4 1 0
yapi.run/cli/internal/runner/context.go:196.3,196.32 1 0
yapi.run/cli/internal/runner/context.go:202.69,207.18 3 1
yapi.run/cli/internal/runner/context.go:207.18,209.3 1 1
yapi.run/cli/internal/runner/context.go:212.2,212.25 1 1
yapi.run/cli/internal/runner/context.go:212.25,214.3 1 1
yapi.run/cli/internal/runner/context.go:216.2,217.20 2 1
yapi.run/cli/internal/runner/context.go:217.20,220.3 1 1
yapi.run/cli/internal/runner/context.go:220.8,223.3 1 1
yapi.run/cli/internal/runner/context.go:226.2,226.33 1 1
yapi.run/cli/internal/runner/context.go:226.33,228.3 1 1
yapi.run/cli/internal/runner/context.go:230.2,231.20 2 1
yapi.run/cli/internal/runner/context.go:231.20,233.3 1 0
yapi.run/cli/internal/runner/context.go:235.2,239.9 4 1
yapi.run/cli/internal/runner/context.go:239.9,241.3 1 0
yapi.run/cli/internal/runner/context.go:244.2,244.25 1 1
yapi.run/cli/internal/runner/context.go:244.25,246.3 1 0
yapi.run/cli/internal/runner/context.go:248.2,249.16 2 1
yapi.run/cli/internal/runner/context.go:249.16,251.3 1 0
yapi.run/cli/internal/runner/context.go:253.2,253.18 1 1
yapi.run/cli/internal/runner/context.go:257.62,259.27 2 1
yapi.run/cli/internal/runner/context.go:259.27,260.30 1 1
yapi.run/cli/internal/runner/context.go:261.23,263.11 2 1
yapi.run/cli/internal/runner/context.go:263.11,265.5 1 0
yapi.run/cli/internal/runner/context.go:266.4,266.17 1 1
yapi.run/cli/internal/runner/context.go:267.11,268.93 1 0
yapi.run/cli/internal/runner/context.go:271.2,271.21 1 1
yapi.run/cli/internal/runner/runner.go:44.131,46.28 1 1
yapi.run/cli/internal/runner/runner.go:46.28,48.3 1 0
yapi.run/cli/internal/runner/runner.go:51.2,52.16 2 1
yapi.run/cli/internal/runner/runner.go:52.16,54.3 1 0
yapi.run/cli/internal/runner/runner.go:55.2,55.15 1 1
yapi.run/cli/internal/runner/runner.go:55.15,55.40 1 1
yapi.run/cli/internal/runner/runner.go:57.2,58.16 2 1
yapi.run/cli/internal/runner/runner.go:58.16,60.3 1 0
yapi.run/cli/internal/runner/runner.go:61.2,64.69 2 1
yapi.run/cli/internal/runner/runner.go:64.69,66.17 2 0
yapi.run/cli/internal/runner/runner.go:66.17,68.4 1 0
yapi.run/cli/internal/runner/runner.go:69.3,69.52 1 0
yapi.run/cli/internal/runner/runner.go:73.2,73.75 1 1
yapi.run/cli/internal/runner/runner.go:73.75,74.70 1 0
yapi.run/cli/internal/runner/runner.go:74.70,76.4 1 0
yapi.run/cli/internal/runner/runner.go:79.2,94.8 4 1
yapi.run/cli/internal/runner/runner.go:110.146,118.29 3 1
yapi.run/cli/internal/runner/runner.go:118.29,126.17 4 1
yapi.run/cli/internal/runner/runner.go:126.17,128.4 1 0
yapi.run/cli/internal/runner/runner.go:131.3,131.37 1 1
yapi.run/cli/internal/runner/runner.go:131.37,133.18 2 1
yapi.run/cli/internal/runner/runner.go:133.18,135.5 1 1
yapi.run/cli/internal/runner/runner.go:136.4,136.13 1 1
yapi.run/cli/internal/runner/runner.go:136.13,138.12 2 1
yapi.run/cli/internal/runner/runner.go:139.26,139.26 0 1
yapi.run/cli/internal/runner/runner.go:140.23,141.27 1 1
yapi.run/cli/internal/runner/runner.go:147.3,148.17 2 1
yapi.run/cli/internal/runner/runner.go:148.17,150.4 1 0
yapi.run/cli/internal/runner/runner.go:153.3,154.17 2 1
yapi.run/cli/internal/runner/runner.go:154.17,156.4 1 0
yapi.run/cli/internal/runner/runner.go:159.3,160.17 2 1
yapi.run/cli/internal/runner/runner.go:160.17,162.4 1 0
yapi.run/cli/internal/runner/runner.go:165.3,173.29 6 1
yapi.run/cli/internal/runner/runner.go:173.29,175.4 1 0
yapi.run/cli/internal/runner/runner.go:178.2,178.25 1 1
yapi.run/cli/internal/runner/runner.go:182.96,186.22 2 1
yapi.run/cli/internal/runner/runner.go:186.22,188.17 2 1
yapi.run/cli/internal/runner/runner.go:188.17,190.4 1 0
yapi.run/cli/internal/runner/runner.go:191.3,191.24 1 1
yapi.run/cli/internal/runner/runner.go:195.2,195.23 1 1
yapi.run/cli/internal/runner/runner.go:195.23,197.17 2 0
yapi.run/cli/internal/runner/runner.go:197.17,199.4 1 0
yapi.run/cli/internal/runner/runner.go:200.3,200.25 1 0
yapi.run/cli/internal/runner/runner.go:204.2,204.27 1 1
yapi.run/cli/internal/runner/runner.go:204.27,206.36 2 1
yapi.run/cli/internal/runner/runner.go:206.36,208.18 2 0
yapi.run/cli/internal/runner/runner.go:208.18,210.5 1 0
yapi.run/cli/internal/runner/runner.go:211.4,211.28 1 0
yapi.run/cli/internal/runner/runner.go:213.3,213.30 1 1
yapi.run/cli/internal/runner/runner.go:217.2,217.25 1 1
yapi.run/cli/internal/runner/runner.go:217.25,219.34 2 1
yapi.run/cli/internal/runner/runner.go:219.34,221.18 2 0
yapi.run/cli/internal/runner/runner.go:221.18,223.5 1 0
yapi.run/cli/internal/runner/runner.go:224.4,224.26 1 0
yapi.run/cli/internal/runner/runner.go:226.3,226.26 1 1
yapi.run/cli/internal/runner/runner.go:230.2,230.23 1 1
yapi.run/cli/internal/runner/runner.go:230.23,232.17 2 0
yapi.run/cli/internal/runner/runner.go:232.17,234.4 1 0
yapi.run/cli/internal/runner/runner.go:235.3,235.25 1 0
yapi.run/cli/internal/runner/runner.go:239.2,239.23 1 1
yapi.run/cli/internal/runner/runner.go:239.23,241.17 2 0
yapi.run/cli/internal/runner/runner.go:241.17,243.4 1 0
yapi.run/cli/internal/runner/runner.go:244.3,244.25 1 0
yapi.run/cli/internal/runner/runner.go:248.2,248.24 1 1
yapi.run/cli/internal/runner/runner.go:248.24,250.17 2 0
yapi.run/cli/internal/runner/runner.go:250.17,252.4 1 0
yapi.run/cli/internal/runner/runner.go:253.3,253.24 1 0
yapi.run/cli/internal/runner/runner.go:257.2,257.29 1 1
yapi.run/cli/internal/runner/runner.go:257.29,259.17 2 0
yapi.run/cli/internal/runner/runner.go:259.17,261.4 1 0
yapi.run/cli/internal/runner/runner.go:262.3,262.29 1 0
yapi.run/cli/internal/runner/runner.go:266.2,266.24 1 1
yapi.run/cli/internal/runner/runner.go:266.24,268.17 2 1
yapi.run/cli/internal/runner/runner.go:268.17,270.4 1 0
yapi.run/cli/internal/runner/runner.go:271.3,271.26 1 1
yapi.run/cli/internal/runner/runner.go:275.2,275.29 1 1
yapi.run/cli/internal/runner/runner.go:275.29,277.17 2 0
yapi.run/cli/internal/runner/runner.go:277.17,279.4 1 0
yapi.run/cli/internal/runner/runner.go:280.3,280.31 1 0
yapi.run/cli/internal/runner/runner.go:283.2,283.21 1 1
yapi.run/cli/internal/runner/runner.go:288.91,289.17 1 1
yapi.run/cli/internal/runner/runner.go:289.17,291.3 1 1
yapi.run/cli/internal/runner/runner.go:293.2,294.25 2 1
yapi.run/cli/internal/runner/runner.go:294.25,296.17 2 1
yapi.run/cli/internal/runner/runner.go:296.17,298.4 1 0
yapi.run/cli/internal/runner/runner.go:299.3,299.27 1 1
yapi.run/cli/internal/runner/runner.go:301.2,301.20 1 1
yapi.run/cli/internal/runner/runner.go:305.67,306.25 1 1
yapi.run/cli/internal/runner/runner.go:307.14,309.57 1 1
yapi.run/cli/internal/runner/runner.go:309.57,311.4 1 1
yapi.run/cli/internal/runner/runner.go:313.3,313.39 1 1
yapi.run/cli/internal/runner/runner.go:314.22,315.40 1 1
yapi.run/cli/internal/runner/runner.go:316.13,318.28 2 1
yapi.run/cli/internal/runner/runner.go:318.28,320.18 2 1
yapi.run/cli/internal/runner/runner.go:320.18,322.5 1 0
yapi.run/cli/internal/runner/runner.go:323.4,323.28 1 1
yapi.run/cli/internal/runner/runner.go:325.3,325.21 1 1
yapi.run/cli/internal/runner/runner.go:326.10,327.16 1 1
yapi.run/cli/internal/runner/runner.go:339.66,340.19 1 1
yapi.run/cli/internal/runner/runner.go:340.19,342.3 1 1
yapi.run/cli/internal/runner/runner.go:345.2,345.52 1 1
yapi.run/cli/internal/runner/runner.go:345.52,347.26 2 1
yapi.run/cli/internal/runner/runner.go:348.13,349.29 1 1
yapi.run/cli/internal/runner/runner.go:350.13,351.33 1 1
yapi.run/cli/internal/runner/runner.go:352.12,353.39 1 1
yapi.run/cli/internal/runner/runner.go:354.13,355.51 1 1
yapi.run/cli/internal/runner/runner.go:356.12,357.36 1 1
yapi.run/cli/internal/runner/runner.go:358.13,359.48 1 1
yapi.run/cli/internal/runner/runner.go:360.11,361.34 1 0
yapi.run/cli/internal/runner/runner.go:365.3,370.31 2 1
yapi.run/cli/internal/runner/runner.go:370.31,372.4 1 1
yapi.run/cli/internal/runner/runner.go:374.3,375.13 2 1
yapi.run/cli/internal/runner/runner.go:379.2,379.63 1 1
yapi.run/cli/internal/runner/runner.go:393.46,395.2 1 0
yapi.run/cli/internal/runner/runner.go:398.120,406.26 3 1
yapi.run/cli/internal/runner/runner.go:406.26,409.36 3 1
yapi.run/cli/internal/runner/runner.go:410.12,411.30 1 1
yapi.run/cli/internal/runner/runner.go:411.30,413.5 1 1
yapi.run/cli/internal/runner/runner.go:414.16,415.35 1 1
yapi.run/cli/internal/runner/runner.go:415.35,417.5 1 1
yapi.run/cli/internal/runner/runner.go:418.14,419.27 1 1
yapi.run/cli/internal/runner/runner.go:419.27,420.29 1 1
yapi.run/cli/internal/runner/runner.go:421.14,422.32 1 0
yapi.run/cli/internal/runner/runner.go:422.32,424.7 1 0
yapi.run/cli/internal/runner/runner.go:425.18,426.37 1 1
yapi.run/cli/internal/runner/runner.go:426.37,428.7 1 1
yapi.run/cli/internal/runner/runner.go:432.3,433.15 2 1
yapi.run/cli/internal/runner/runner.go:433.15,436.4 2 1
yapi.run/cli/internal/runner/runner.go:440.2,441.22 2 1
yapi.run/cli/internal/runner/runner.go:441.22,445.29 3 0
yapi.run/cli/internal/runner/runner.go:445.29,447.4 1 0
yapi.run/cli/internal/runner/runner.go:448.3,448.25 1 0
yapi.run/cli/internal/runner/runner.go:452.2,452.47 1 1
yapi.run/cli/internal/runner/runner.go:452.47,460.20 5 1
yapi.run/cli/internal/runner/runner.go:460.20,462.4 1 0
yapi.run/cli/internal/runner/runner.go:462.9,464.4 1 1
yapi.run/cli/internal/runner/runner.go:466.3,473.17 3 1
yapi.run/cli/internal/runner/runner.go:473.17,476.4 2 0
yapi.run/cli/internal/runner/runner.go:477.3,477.14 1 1
yapi.run/cli/internal/runner/runner.go:477.14,482.4 3 1
yapi.run/cli/internal/runner/runner.go:483.3,483.25 1 1
yapi.run/cli/internal/runner/runner.go:487.2,487.36 1 1
yapi.run/cli/internal/runner/runner.go:487.36,490.17 2 1
yapi.run/cli/internal/runner/runner.go:490.17,493.4 2 0
yapi.run/cli/internal/runner/runner.go:495.3,495.51 1 1
yapi.run/cli/internal/runner/runner.go:495.51,503.21 5 1
yapi.run/cli/internal/runner/runner.go:503.21,505.5 1 0
yapi.run/cli/internal/runner/runner.go:505.10,507.5 1 1
yapi.run/cli/internal/runner/runner.go:509.4,516.18 3 1
yapi.run/cli/internal/runner/runner.go:516.18,519.5 2 1
yapi.run/cli/internal/runner/runner.go:520.4,520.15 1 1
yapi.run/cli/internal/runner/runner.go:520.15,525.5 3 1
yapi.run/cli/internal/runner/runner.go:526.4,526.26 1 1
yapi.run/cli/internal/runner/runner.go:530.2,530.12 1 1
yapi.run/cli/internal/domain/domain.go:19.48,20.22 1 0
yapi.run/cli/internal/domain/domain.go:20.22,22.3 1 0
yapi.run/cli/internal/domain/domain.go:23.2,23.24 1 0
yapi.run/cli/internal/domain/transport.go:10.58,13.87 2 0
yapi.run/cli/internal/domain/transport.go:13.87,15.3 1 0
yapi.run/cli/internal/domain/transport.go:16.2,16.43 1 0
yapi.run/cli/internal/domain/transport.go:16.43,18.3 1 0
yapi.run/cli/internal/domain/transport.go:19.2,19.16 1 0
yapi.run/cli/internal/domain/transport.go:19.16,21.3 1 0
yapi.run/cli/internal/domain/transport.go:22.2,22.32 1 0
yapi.run/cli/internal/share/encoding.go:14.39,17.23 2 1
yapi.run/cli/internal/share/encoding.go:17.23,19.3 1 0
yapi.run/cli/internal/share/encoding.go:21.2,25.26 4 1
yapi.run/cli/internal/share/encoding.go:25.26,28.3 2 1
yapi.run/cli/internal/share/encoding.go:31.2,32.55 2 1
yapi.run/cli/internal/share/encoding.go:32.55,34.3 1 1
yapi.run/cli/internal/share/encoding.go:36.2,36.23 1 1
yapi.run/cli/internal/share/encoding.go:39.48,42.41 3 1
yapi.run/cli/internal/share/encoding.go:42.41,44.3 1 0
yapi.run/cli/internal/share/encoding.go:45.2,45.34 1 1
yapi.run/cli/internal/share/encoding.go:45.34,47.3 1 0
yapi.run/cli/internal/share/encoding.go:48.2,48.25 1 1
yapi.run/cli/internal/share/encoding.go:52.45,54.16 2 1
yapi.run/cli/internal/share/encoding.go:54.16,56.3 1 0
yapi.run/cli/internal/share/encoding.go:57.2,57.38 1 1
yapi.run/cli/internal/core/core.go:31.53,32.25 1 0
yapi.run/cli/internal/core/core.go:32.25,34.3 1 0
yapi.run/cli/internal/core/core.go:38.71,40.27 2 0
yapi.run/cli/internal/core/core.go:40.27,42.3 1 0
yapi.run/cli/internal/core/core.go:43.2,43.10 1 0
yapi.run/cli/internal/core/core.go:60.20,63.28 2 0
yapi.run/cli/internal/core/core.go:63.28,66.17 3 0
yapi.run/cli/internal/core/core.go:66.17,69.29 1 0
yapi.run/cli/internal/core/core.go:69.29,71.5 1 0
yapi.run/cli/internal/core/core.go:73.4,73.17 1 0
yapi.run/cli/internal/core/core.go:78.2,80.20 3 0
yapi.run/cli/internal/core/core.go:80.20,82.21 2 0
yapi.run/cli/internal/core/core.go:82.21,84.4 1 0
yapi.run/cli/internal/core/core.go:88.3,88.28 1 0
yapi.run/cli/internal/core/core.go:88.28,93.4 4 0
yapi.run/cli/internal/core/core.go:93.9,95.4 1 0
yapi.run/cli/internal/core/core.go:96.8,98.3 1 0
yapi.run/cli/internal/core/core.go:100.2,100.16 1 0
yapi.run/cli/internal/core/core.go:100.16,102.3 1 0
yapi.run/cli/internal/core/core.go:104.2,104.26 1 0
yapi.run/cli/internal/core/core.go:104.26,106.3 1 0
yapi.run/cli/internal/core/core.go:109.2,109.29 1 0
yapi.run/cli/internal/core/core.go:109.29,112.3 1 0
yapi.run/cli/internal/core/core.go:115.2,115.56 1 0
yapi.run/cli/internal/core/core.go:115.56,120.48 1 0
yapi.run/cli/internal/core/core.go:120.48,122.40 1 0
yapi.run/cli/internal/core/core.go:122.40,124.5 1 0
yapi.run/cli/internal/core/core.go:126.4,126.45 1 0
yapi.run/cli/internal/core/core.go:126.45,128.5 1 0
yapi.run/cli/internal/core/core.go:130.4,130.18 1 0
yapi.run/cli/internal/core/core.go:134.3,135.17 2 0
yapi.run/cli/internal/core/core.go:135.17,137.4 1 0
yapi.run/cli/internal/core/core.go:138.3,138.25 1 0
yapi.run/cli/internal/core/core.go:141.2,141.29 1 0
yapi.run/cli/internal/core/core.go:141.29,143.3 1 0
yapi.run/cli/internal/core/core.go:146.2,150.16 4 0
yapi.run/cli/internal/core/core.go:150.16,152.3 1 0
yapi.run/cli/internal/core/core.go:154.2,158.137 3 0
yapi.run/cli/internal/core/core.go:158.137,160.3 1 0
yapi.run/cli/internal/core/core.go:163.2,163.24 1 0
yapi.run/cli/internal/core/core.go:163.24,166.20 3 0
yapi.run/cli/internal/core/core.go:166.20,168.4 1 0
[...]
yapi.run/cli/internal/tui/selector/selector.go:60.17,63.4 2 0
yapi.run/cli/internal/tui/selector/selector.go:64.3,65.9 2 0
yapi.run/cli/internal/tui/selector/selector.go:67.2,67.27 1 0
yapi.run/cli/internal/tui/selector/selector.go:71.31,73.2 1 0
yapi.run/cli/internal/tui/selector/selector.go:76.57,79.27 2 0
yapi.run/cli/internal/tui/selector/selector.go:80.25,89.91 6 0
yapi.run/cli/internal/tui/selector/selector.go:89.91,99.4 7 0
yapi.run/cli/internal/tui/selector/selector.go:99.9,105.4 5 0
yapi.run/cli/internal/tui/selector/selector.go:106.3,106.16 1 0
yapi.run/cli/internal/tui/selector/selector.go:108.18,109.23 1 0
yapi.run/cli/internal/tui/selector/selector.go:110.24,111.22 1 0
yapi.run/cli/internal/tui/selector/selector.go:113.23,114.20 1 0
yapi.run/cli/internal/tui/selector/selector.go:114.20,117.5 2 0
yapi.run/cli/internal/tui/selector/selector.go:118.4,118.17 1 0
yapi.run/cli/internal/tui/selector/selector.go:120.25,121.41 1 0
yapi.run/cli/internal/tui/selector/selector.go:121.41,124.5 2 0
yapi.run/cli/internal/tui/selector/selector.go:125.4,125.17 1 0
yapi.run/cli/internal/tui/selector/selector.go:127.15,129.17 2 0
yapi.run/cli/internal/tui/selector/selector.go:131.17,133.17 2 0
yapi.run/cli/internal/tui/selector/selector.go:135.12,137.43 1 0
yapi.run/cli/internal/tui/selector/selector.go:137.43,139.38 2 0
yapi.run/cli/internal/tui/selector/selector.go:139.38,141.6 1 0
yapi.run/cli/internal/tui/selector/selector.go:141.11,143.6 1 0
yapi.run/cli/internal/tui/selector/selector.go:145.4,145.17 1 0
yapi.run/cli/internal/tui/selector/selector.go:147.16,149.79 1 0
yapi.run/cli/internal/tui/selector/selector.go:149.79,153.5 1 0
yapi.run/cli/internal/tui/selector/selector.go:154.4,154.22 1 0
yapi.run/cli/internal/tui/selector/selector.go:158.2,161.15 4 0
yapi.run/cli/internal/tui/selector/selector.go:164.31,166.17 2 0
yapi.run/cli/internal/tui/selector/selector.go:166.17,168.3 1 0
yapi.run/cli/internal/tui/selector/selector.go:168.8,171.33 3 0
yapi.run/cli/internal/tui/selector/selector.go:171.33,173.4 1 0
yapi.run/cli/internal/tui/selector/selector.go:176.2,176.38 1 0
yapi.run/cli/internal/tui/selector/selector.go:176.38,177.31 1 0
yapi.run/cli/internal/tui/selector/selector.go:177.31,179.4 1 0
yapi.run/cli/internal/tui/selector/selector.go:179.9,181.4 1 0
yapi.run/cli/internal/tui/selector/selector.go:183.2,183.21 1 0
yapi.run/cli/internal/tui/selector/selector.go:187.61,188.30 1 0
yapi.run/cli/internal/tui/selector/selector.go:188.30,190.3 1 0
yapi.run/cli/internal/tui/selector/selector.go:191.2,192.15 2 0
yapi.run/cli/internal/tui/selector/selector.go:192.15,194.3 1 0
yapi.run/cli/internal/tui/selector/selector.go:195.2,196.17 2 0
yapi.run/cli/internal/tui/selector/selector.go:196.17,199.16 3 0
yapi.run/cli/internal/tui/selector/selector.go:199.16,201.4 1 0
yapi.run/cli/internal/tui/selector/selector.go:203.2,203.8 1 0
yapi.run/cli/internal/tui/selector/selector.go:207.30,210.20 3 0
yapi.run/cli/internal/tui/selector/selector.go:210.20,212.3 1 0
yapi.run/cli/internal/tui/selector/selector.go:214.2,216.31 2 0
yapi.run/cli/internal/tui/selector/selector.go:216.31,219.39 3 0
yapi.run/cli/internal/tui/selector/selector.go:219.39,221.4 1 0
yapi.run/cli/internal/tui/selector/selector.go:223.3,224.20 2 0
yapi.run/cli/internal/tui/selector/selector.go:224.20,226.4 1 0
yapi.run/cli/internal/tui/selector/selector.go:228.3,229.20 2 0
yapi.run/cli/internal/tui/selector/selector.go:229.20,231.4 1 0
yapi.run/cli/internal/tui/selector/selector.go:232.3,232.34 1 0
yapi.run/cli/internal/tui/selector/selector.go:235.2,246.18 4 0
yapi.run/cli/internal/tui/selector/selector.go:246.18,253.3 1 0
yapi.run/cli/internal/tui/selector/selector.go:253.8,263.3 5 0
yapi.run/cli/internal/tui/selector/selector.go:266.2,270.18 3 0
yapi.run/cli/internal/tui/selector/selector.go:270.18,278.3 1 0
yapi.run/cli/internal/tui/selector/selector.go:278.8,285.3 1 0
yapi.run/cli/internal/tui/selector/selector.go:286.2,286.34 1 0
yapi.run/cli/internal/tui/selector/selector.go:290.40,292.31 2 0
yapi.run/cli/internal/tui/selector/selector.go:292.31,294.3 1 0
yapi.run/cli/internal/tui/selector/selector.go:295.2,295.12 1 0
yapi.run/cli/internal/langserver/langserver.go:41.12,60.2 4 0
yapi.run/cli/internal/langserver/langserver.go:62.84,87.2 6 0
yapi.run/cli/internal/langserver/langserver.go:89.79,91.2 1 0
yapi.run/cli/internal/langserver/langserver.go:93.40,95.2 1 0
yapi.run/cli/internal/langserver/langserver.go:97.73,99.2 1 0
yapi.run/cli/internal/langserver/langserver.go:101.95,111.48 4 0
yapi.run/cli/internal/langserver/langserver.go:111.48,113.70 2 0
yapi.run/cli/internal/langserver/langserver.go:113.70,115.67 2 0
yapi.run/cli/internal/langserver/langserver.go:115.67,117.5 1 0
yapi.run/cli/internal/langserver/langserver.go:121.2,123.12 3 0
yapi.run/cli/internal/langserver/langserver.go:126.99,130.36 2 0
yapi.run/cli/internal/langserver/langserver.go:130.36,133.31 2 0
yapi.run/cli/internal/langserver/langserver.go:133.31,136.4 1 0
yapi.run/cli/internal/langserver/langserver.go:136.9,143.50 2 0
yapi.run/cli/internal/langserver/langserver.go:143.50,145.72 2 0
yapi.run/cli/internal/langserver/langserver.go:145.72,147.69 2 0
yapi.run/cli/internal/langserver/langserver.go:147.69,149.7 1 0
yapi.run/cli/internal/langserver/langserver.go:152.4,152.19 1 0
yapi.run/cli/internal/langserver/langserver.go:155.3,155.36 1 0
yapi.run/cli/internal/langserver/langserver.go:158.2,158.12 1 0
yapi.run/cli/internal/langserver/langserver.go:161.97,164.2 2 0
yapi.run/cli/internal/langserver/langserver.go:166.95,167.24 1 0
yapi.run/cli/internal/langserver/langserver.go:167.24,171.31 3 0
yapi.run/cli/internal/langserver/langserver.go:171.31,173.4 1 0
yapi.run/cli/internal/langserver/langserver.go:175.3,175.36 1 0
yapi.run/cli/internal/langserver/langserver.go:177.2,177.12 1 0
yapi.run/cli/internal/langserver/langserver.go:180.82,182.48 1 0
yapi.run/cli/internal/langserver/langserver.go:182.48,184.70 2 0
yapi.run/cli/internal/langserver/langserver.go:184.70,188.4 2 0
yapi.run/cli/internal/langserver/langserver.go:192.2,197.30 4 0
yapi.run/cli/internal/langserver/langserver.go:197.30,199.3 1 0
yapi.run/cli/internal/langserver/langserver.go:199.8,201.3 1 0
yapi.run/cli/internal/langserver/langserver.go:203.2,203.35 1 0
yapi.run/cli/internal/langserver/langserver.go:203.35,205.3 1 0
yapi.run/cli/internal/langserver/langserver.go:206.2,206.16 1 0
yapi.run/cli/internal/langserver/langserver.go:206.16,221.3 2 0
yapi.run/cli/internal/langserver/langserver.go:224.2,227.38 2 0
yapi.run/cli/internal/langserver/langserver.go:227.38,237.3 1 0
yapi.run/cli/internal/langserver/langserver.go:240.2,240.41 1 0
yapi.run/cli/internal/langserver/langserver.go:240.41,243.18 3 0
yapi.run/cli/internal/langserver/langserver.go:243.18,245.4 1 0
yapi.run/cli/internal/langserver/langserver.go:246.3,246.17 1 0
yapi.run/cli/internal/langserver/langserver.go:246.17,248.4 1 0
yapi.run/cli/internal/langserver/langserver.go:250.3,258.5 1 0
yapi.run/cli/internal/langserver/langserver.go:263.2,263.82 1 0
yapi.run/cli/internal/langserver/langserver.go:263.82,266.39 3 0
yapi.run/cli/internal/langserver/langserver.go:266.39,276.4 1 0
yapi.run/cli/internal/langserver/langserver.go:279.2,282.4 1 0
yapi.run/cli/internal/langserver/langserver.go:285.103,290.65 3 0
yapi.run/cli/internal/langserver/langserver.go:290.65,295.40 3 0
yapi.run/cli/internal/langserver/langserver.go:295.40,297.99 2 0
yapi.run/cli/internal/langserver/langserver.go:297.99,299.5 1 0
yapi.run/cli/internal/langserver/langserver.go:302.3,315.9 3 0
yapi.run/cli/internal/langserver/langserver.go:319.2,319.37 1 0
yapi.run/cli/internal/langserver/langserver.go:319.37,329.3 1 0
yapi.run/cli/internal/langserver/langserver.go:332.2,332.89 1 0
yapi.run/cli/internal/langserver/langserver.go:332.89,333.75 1 0
yapi.run/cli/internal/langserver/langserver.go:333.75,334.46 1 0
yapi.run/cli/internal/langserver/langserver.go:334.46,346.5 2 0
yapi.run/cli/internal/langserver/langserver.go:351.2,354.41 3 0
yapi.run/cli/internal/langserver/langserver.go:354.41,365.3 1 0
yapi.run/cli/internal/langserver/langserver.go:368.2,371.4 1 0
yapi.run/cli/internal/langserver/langserver.go:374.61,376.29 2 0
yapi.run/cli/internal/langserver/langserver.go:376.29,378.48 2 0
yapi.run/cli/internal/langserver/langserver.go:378.48,380.4 1 0
yapi.run/cli/internal/langserver/langserver.go:382.2,382.10 1 0
yapi.run/cli/internal/langserver/langserver.go:385.25,387.2 1 0
yapi.run/cli/internal/langserver/langserver.go:389.76,390.11 1 0
yapi.run/cli/internal/langserver/langserver.go:391.32,392.42 1 0
yapi.run/cli/internal/langserver/langserver.go:393.34,394.44 1 0
yapi.run/cli/internal/langserver/langserver.go:395.31,396.48 1 0
yapi.run/cli/internal/langserver/langserver.go:397.10,398.48 1 0
yapi.run/cli/internal/langserver/langserver.go:402.28,404.2 1 0
yapi.run/cli/internal/langserver/langserver.go:412.59,420.2 1 0
yapi.run/cli/internal/langserver/langserver.go:471.96,474.9 3 0
yapi.run/cli/internal/langserver/langserver.go:474.9,476.3 1 0
yapi.run/cli/internal/langserver/langserver.go:478.2,482.29 4 0
yapi.run/cli/internal/langserver/langserver.go:482.29,484.3 1 0
yapi.run/cli/internal/langserver/langserver.go:486.2,488.35 3 0
yapi.run/cli/internal/langserver/langserver.go:488.35,490.3 1 0
yapi.run/cli/internal/langserver/langserver.go:492.2,495.70 2 0
yapi.run/cli/internal/langserver/langserver.go:495.70,498.14 2 0
yapi.run/cli/internal/langserver/langserver.go:499.17,500.54 1 0
yapi.run/cli/internal/langserver/langserver.go:501.19,502.56 1 0
yapi.run/cli/internal/langserver/langserver.go:503.23,504.59 1 0
yapi.run/cli/internal/langserver/langserver.go:505.52,517.5 1 0
yapi.run/cli/internal/langserver/langserver.go:519.8,525.27 3 0
yapi.run/cli/internal/langserver/langserver.go:525.27,526.57 1 0
yapi.run/cli/internal/langserver/langserver.go:526.57,529.5 2 0
yapi.run/cli/internal/langserver/langserver.go:532.3,532.34 1 0
yapi.run/cli/internal/langserver/langserver.go:532.34,533.23 1 0
yapi.run/cli/internal/langserver/langserver.go:533.23,534.13 1 0
yapi.run/cli/internal/langserver/langserver.go:537.4,537.59 1 0
yapi.run/cli/internal/langserver/langserver.go:537.59,538.13 1 0
yapi.run/cli/internal/langserver/langserver.go:540.4,546.6 1 0
yapi.run/cli/internal/langserver/langserver.go:550.2,550.19 1 0
yapi.run/cli/internal/langserver/langserver.go:553.98,556.9 3 0
yapi.run/cli/internal/langserver/langserver.go:556.9,558.3 1 0
yapi.run/cli/internal/langserver/langserver.go:560.2,567.27 4 0
yapi.run/cli/internal/langserver/langserver.go:567.27,568.66 1 0
yapi.run/cli/internal/langserver/langserver.go:568.66,570.21 2 0
yapi.run/cli/internal/langserver/langserver.go:570.21,573.5 2 0
yapi.run/cli/internal/langserver/langserver.go:573.10,575.5 1 0
yapi.run/cli/internal/langserver/langserver.go:577.4,586.10 1 0
yapi.run/cli/internal/langserver/langserver.go:590.2,590.17 1 0
yapi.run/cli/internal/langserver/langserver.go:593.96,596.9 3 0
yapi.run/cli/internal/langserver/langserver.go:596.9,598.3 1 0
yapi.run/cli/internal/langserver/langserver.go:601.2,601.24 1 0
yapi.run/cli/internal/langserver/langserver.go:601.24,603.3 1 0
yapi.run/cli/internal/langserver/langserver.go:605.2,612.27 4 0
yapi.run/cli/internal/langserver/langserver.go:612.27,613.66 1 0
yapi.run/cli/internal/langserver/langserver.go:613.66,615.39 1 0
yapi.run/cli/internal/langserver/langserver.go:615.39,617.5 1 0
yapi.run/cli/internal/langserver/langserver.go:620.4,621.18 2 0
yapi.run/cli/internal/langserver/langserver.go:621.18,623.5 1 0
yapi.run/cli/internal/langserver/langserver.go:625.4,625.24 1 0
yapi.run/cli/internal/langserver/langserver.go:629.2,629.17 1 0
yapi.run/cli/internal/langserver/langserver.go:634.126,640.16 3 0
yapi.run/cli/internal/langserver/langserver.go:640.16,642.3 1 0
yapi.run/cli/internal/langserver/langserver.go:645.2,646.16 2 0
yapi.run/cli/internal/langserver/langserver.go:646.16,649.3 1 0
yapi.run/cli/internal/langserver/langserver.go:653.2,653.50 1 0
yapi.run/cli/internal/langserver/langserver.go:653.50,654.51 1 0
yapi.run/cli/internal/langserver/langserver.go:654.51,657.4 1 0
yapi.run/cli/internal/langserver/langserver.go:661.2,661.71 1 0
yapi.run/cli/internal/langserver/langserver.go:661.71,663.3 1 0
yapi.run/cli/internal/langserver/langserver.go:666.2,666.50 1 0
yapi.run/cli/internal/langserver/langserver.go:666.50,667.40 1 0
yapi.run/cli/internal/langserver/langserver.go:667.40,669.37 2 0
yapi.run/cli/internal/langserver/langserver.go:669.37,671.5 1 0
yapi.run/cli/internal/langserver/langserver.go:676.2,676.52 1 0
yapi.run/cli/internal/langserver/langserver.go:676.52,678.36 2 0
yapi.run/cli/internal/langserver/langserver.go:678.36,680.4 1 0
yapi.run/cli/internal/langserver/langserver.go:684.2,684.17 1 0
yapi.run/cli/internal/langserver/langserver.go:688.110,694.44 4 0
yapi.run/cli/internal/langserver/langserver.go:694.44,696.3 1 0
yapi.run/cli/internal/langserver/langserver.go:696.8,696.52 1 0
yapi.run/cli/internal/langserver/langserver.go:696.52,698.3 1 0
yapi.run/cli/internal/langserver/langserver.go:698.8,700.3 1 0
yapi.run/cli/internal/langserver/langserver.go:703.2,704.16 2 0
yapi.run/cli/internal/langserver/langserver.go:704.16,706.3 1 0
yapi.run/cli/internal/langserver/langserver.go:707.2,710.63 3 0
yapi.run/cli/internal/langserver/langserver.go:710.63,712.3 1 0
yapi.run/cli/internal/langserver/langserver.go:715.2,716.27 2 0
yapi.run/cli/internal/langserver/langserver.go:716.27,718.3 1 0
yapi.run/cli/internal/langserver/langserver.go:720.2,720.30 1 0
yapi.run/cli/internal/langserver/langserver.go:720.30,722.23 2 0
yapi.run/cli/internal/langserver/langserver.go:722.23,724.4 1 0
yapi.run/cli/internal/langserver/langserver.go:725.3,725.26 1 0
yapi.run/cli/internal/langserver/langserver.go:729.2,730.20 2 0
yapi.run/cli/internal/langserver/langserver.go:730.20,732.3 1 0
yapi.run/cli/internal/langserver/langserver.go:735.2,750.8 3 0
yapi.run/cli/internal/langserver/langserver.go:754.111,756.44 2 0
yapi.run/cli/internal/langserver/langserver.go:756.44,758.3 1 0
yapi.run/cli/internal/langserver/langserver.go:760.2,761.16 2 0
yapi.run/cli/internal/langserver/langserver.go:761.16,763.3 1 0
yapi.run/cli/internal/langserver/langserver.go:764.2,767.35 3 0
yapi.run/cli/internal/langserver/langserver.go:767.35,770.55 2 0
yapi.run/cli/internal/langserver/langserver.go:770.55,771.12 1 0
yapi.run/cli/internal/langserver/langserver.go:775.3,776.21 2 0
yapi.run/cli/internal/langserver/langserver.go:776.21,777.12 1 0
yapi.run/cli/internal/langserver/langserver.go:780.3,781.21 2 0
yapi.run/cli/internal/langserver/langserver.go:781.21,800.4 4 0
yapi.run/cli/internal/langserver/langserver.go:803.2,803.58 1 0
yapi.run/cli/internal/langserver/langserver.go:807.64,808.50 1 0
yapi.run/cli/internal/langserver/langserver.go:808.50,810.3 1 0
yapi.run/cli/internal/langserver/langserver.go:813.2,813.44 1 0
yapi.run/cli/internal/langserver/langserver.go:813.44,814.62 1 0
yapi.run/cli/internal/langserver/langserver.go:814.62,816.4 1 0
yapi.run/cli/internal/langserver/langserver.go:819.2,819.12 1 0
yapi.run/cli/internal/langserver/langserver.go:823.67,824.50 1 0
yapi.run/cli/internal/langserver/langserver.go:824.50,826.3 1 0
yapi.run/cli/internal/langserver/langserver.go:829.2,829.44 1 0
yapi.run/cli/internal/langserver/langserver.go:829.44,830.35 1 0
yapi.run/cli/internal/langserver/langserver.go:830.35,832.4 1 0
yapi.run/cli/internal/langserver/langserver.go:835.2,835.12 1 0
yapi.run/cli/internal/langserver/langserver.go:839.70,841.38 1 0
yapi.run/cli/internal/langserver/langserver.go:841.38,843.3 1 0
yapi.run/cli/internal/langserver/langserver.go:846.2,846.35 1 0
yapi.run/cli/internal/langserver/langserver.go:846.35,848.45 2 0
yapi.run/cli/internal/langserver/langserver.go:848.45,849.44 1 0
yapi.run/cli/internal/langserver/langserver.go:849.44,851.5 1 0
yapi.run/cli/internal/langserver/langserver.go:853.3,853.18 1 0
yapi.run/cli/internal/langserver/langserver.go:856.2,856.11 1 0
yapi.run/cli/internal/langserver/langserver.go:860.49,862.16 2 0
yapi.run/cli/internal/langserver/langserver.go:862.16,864.3 1 0
yapi.run/cli/internal/langserver/langserver.go:865.2,865.24 1 0
yapi.run/cli/internal/langserver/langserver.go:865.24,867.3 1 0
yapi.run/cli/internal/langserver/langserver.go:868.2,868.15 1 0
yapi.run/cli/scripts/fuzz.go:11.13,13.20 2 0
yapi.run/cli/scripts/fuzz.go:13.20,15.3 1 0
yapi.run/cli/scripts/fuzz.go:18.2,20.16 3 0
yapi.run/cli/scripts/fuzz.go:20.16,23.3 2 0
yapi.run/cli/scripts/fuzz.go:25.2,27.31 2 0
yapi.run/cli/scripts/fuzz.go:27.31,31.17 3 0
yapi.run/cli/scripts/fuzz.go:31.17,32.12 1 0
yapi.run/cli/scripts/fuzz.go:35.3,36.30 2 0
yapi.run/cli/scripts/fuzz.go:36.30,37.39 1 0
yapi.run/cli/scripts/fuzz.go:37.39,42.41 5 0
yapi.run/cli/scripts/fuzz.go:42.41,44.34 2 0
yapi.run/cli/scripts/fuzz.go:44.34,46.7 1 0
yapi.run/cli/scripts/fuzz.go:47.6,48.16 2 0
yapi.run/cli/internal/vars/expand.go:10.44,12.29 2 1
yapi.run/cli/internal/vars/expand.go:12.29,14.3 1 1
yapi.run/cli/internal/vars/expand.go:15.2,15.32 1 1
yapi.run/cli/internal/vars/expand.go:15.32,17.3 1 1
yapi.run/cli/internal/vars/expand.go:19.2,19.36 1 1
yapi.run/cli/internal/vars/expand.go:19.36,21.22 2 1
yapi.run/cli/internal/vars/expand.go:21.22,22.12 1 1
yapi.run/cli/internal/vars/expand.go:25.3,25.23 1 1
yapi.run/cli/internal/vars/expand.go:26.23,27.75 1 1
yapi.run/cli/internal/vars/expand.go:27.75,29.5 1 1
yapi.run/cli/internal/vars/expand.go:30.20,31.52 1 1
yapi.run/cli/internal/vars/expand.go:31.52,33.41 1 1
yapi.run/cli/internal/vars/expand.go:33.41,35.38 2 1
yapi.run/cli/internal/vars/expand.go:35.38,36.71 1 1
yapi.run/cli/internal/vars/expand.go:36.71,38.8 1 1
yapi.run/cli/internal/vars/expand.go:41.10,41.62 1 1
yapi.run/cli/internal/vars/expand.go:41.62,43.23 1 1
yapi.run/cli/internal/vars/expand.go:43.23,46.6 2 1
yapi.run/cli/internal/vars/expand.go:48.23,49.49 1 1
yapi.run/cli/internal/vars/expand.go:50.20,51.63 1 1
yapi.run/cli/internal/vars/expand.go:51.63,53.5 1 1
yapi.run/cli/internal/vars/expand.go:59.60,61.9 2 1
yapi.run/cli/internal/vars/expand.go:61.9,63.3 1 0
yapi.run/cli/internal/vars/expand.go:65.2,66.27 2 1
yapi.run/cli/internal/vars/expand.go:66.27,68.3 1 1
yapi.run/cli/internal/vars/expand.go:69.2,69.15 1 1
yapi.run/cli/internal/vars/expand.go:73.48,74.25 1 1
yapi.run/cli/internal/vars/expand.go:75.14,77.63 1 1
yapi.run/cli/internal/vars/expand.go:77.63,79.4 1 1
yapi.run/cli/internal/vars/expand.go:80.3,80.13 1 0
yapi.run/cli/internal/vars/expand.go:81.22,83.37 1 1
yapi.run/cli/internal/vars/expand.go:84.13,87.28 2 1
yapi.run/cli/internal/vars/expand.go:87.28,89.4 1 1
yapi.run/cli/internal/vars/expand.go:90.3,90.16 1 1
yapi.run/cli/internal/vars/expand.go:91.10,93.13 1 1
yapi.run/cli/internal/vars/resolvers.go:9.46,10.38 1 1
yapi.run/cli/internal/vars/resolvers.go:10.38,12.3 1 1
yapi.run/cli/internal/vars/resolvers.go:14.2,14.16 1 1
yapi.run/cli/internal/vars/resolvers.go:19.47,21.40 2 1
yapi.run/cli/internal/vars/resolvers.go:21.40,23.3 1 1
yapi.run/cli/internal/vars/resolvers.go:24.2,24.40 1 1
yapi.run/cli/internal/vars/resolvers.go:24.40,26.3 1 1
yapi.run/cli/internal/vars/resolvers.go:27.2,27.39 1 1
yapi.run/cli/internal/vars/resolvers.go:27.39,29.3 1 1
yapi.run/cli/internal/vars/resolvers.go:31.2,31.27 1 1
yapi.run/cli/internal/vars/vars.go:26.34,28.2 1 1
yapi.run/cli/internal/vars/vars.go:31.32,33.2 1 1
yapi.run/cli/internal/vars/vars.go:36.68,39.76 2 1
yapi.run/cli/internal/vars/vars.go:39.76,40.25 1 1
yapi.run/cli/internal/vars/vars.go:40.25,42.4 1 0
yapi.run/cli/internal/vars/vars.go:44.3,45.37 2 1
yapi.run/cli/internal/vars/vars.go:45.37,48.4 1 1
yapi.run/cli/internal/vars/vars.go:48.9,51.4 1 1
yapi.run/cli/internal/vars/vars.go:53.3,54.17 2 1
yapi.run/cli/internal/vars/vars.go:54.17,57.4 2 1
yapi.run/cli/internal/vars/vars.go:58.3,58.13 1 1
yapi.run/cli/internal/vars/vars.go:61.2,61.24 1 1
yapi.run/cli/internal/vars/vars.go:61.24,63.3 1 1
yapi.run/cli/internal/vars/vars.go:64.2,64.20 1 1
